<?xml version="1.0" encoding="UTF-8"?>
<testsuite xmlns:xsi="http://www.w3.org/2001/XMLSchema-instance" xsi:noNamespaceSchemaLocation="https://maven.apache.org/surefire/maven-surefire-plugin/xsd/surefire-test-report.xsd" name="guru.springframework.sfgpetclinic.SfgPetClinicApplicationTests" time="7.291" tests="1" errors="1" skipped="0" failures="0">
  <properties>
[...]
</properties>
  <testcase name="contextLoads" classname="guru.springframework.sfgpetclinic.SfgPetClinicApplicationTests" time="0.001">
    <error message="Failed to load ApplicationContext" type="java.lang.IllegalStateException">java.lang.IllegalStateException: Failed to load ApplicationContext
Caused by: org.springframework.beans.factory.BeanCreationException: Error creating bean with name 'entityManagerFactory' defined in class path resource [org/springframework/boot/autoconfigure/orm/jpa/HibernateJpaConfiguration.class]: Invocation of init method failed; nested exception is java.lang.NoClassDefFoundError: javax/xml/bind/JAXBException
Caused by: java.lang.NoClassDefFoundError: javax/xml/bind/JAXBException
Caused by: java.lang.ClassNotFoundException: javax.xml.bind.JAXBException
</error>
    <system-out><![CDATA[14:09:20.017 [main] DEBUG org.springframework.test.context.junit4.SpringJUnit4ClassRunner - SpringJUnit4ClassRunner constructor called with [class guru.springframework.sfgpetclinic.SfgPetClinicApplicationTests]
14:09:20.028 [main] DEBUG org.springframework.test.context.BootstrapUtils - Instantiating CacheAwareContextLoaderDelegate from class [org.springframework.test.context.cache.DefaultCacheAwareContextLoaderDelegate]
14:09:20.043 [main] DEBUG org.springframework.test.context.BootstrapUtils - Instantiating BootstrapContext using constructor [public org.springframework.test.context.support.DefaultBootstrapContext(java.lang.Class,org.springframework.test.context.CacheAwareContextLoaderDelegate)]
14:09:20.079 [main] DEBUG org.springframework.test.context.BootstrapUtils - Instantiating TestContextBootstrapper for test class [guru.springframework.sfgpetclinic.SfgPetClinicApplicationTests] from class [org.springframework.boot.test.context.SpringBootTestContextBootstrapper]
14:09:20.103 [main] INFO org.springframework.boot.test.context.SpringBootTestContextBootstrapper - Neither @ContextConfiguration nor @ContextHierarchy found for test class [guru.springframework.sfgpetclinic.SfgPetClinicApplicationTests], using SpringBootContextLoader
14:09:20.111 [main] DEBUG org.springframework.test.context.support.AbstractContextLoader - Did not detect default resource location for test class [guru.springframework.sfgpetclinic.SfgPetClinicApplicationTests]: class path resource [guru/springframework/sfgpetclinic/SfgPetClinicApplicationTests-context.xml] does not exist
14:09:20.113 [main] DEBUG org.springframework.test.context.support.AbstractContextLoader - Did not detect default resource location for test class [guru.springframework.sfgpetclinic.SfgPetClinicApplicationTests]: class path resource [guru/springframework/sfgpetclinic/SfgPetClinicApplicationTestsContext.groovy] does not exist
14:09:20.114 [main] INFO org.springframework.test.context.support.AbstractContextLoader - Could not detect default resource locations for test class [guru.springframework.sfgpetclinic.SfgPetClinicApplicationTests]: no resource found for suffixes {-context.xml, Context.groovy}.
14:09:20.121 [main] INFO org.springframework.test.context.support.AnnotationConfigContextLoaderUtils - Could not detect default configuration classes for test class [guru.springframework.sfgpetclinic.SfgPetClinicApplicationTests]: SfgPetClinicApplicationTests does not declare any static, non-private, non-final, nested classes annotated with @Configuration.
14:09:20.200 [main] DEBUG org.springframework.test.context.support.ActiveProfilesUtils - Could not find an 'annotation declaring class' for annotation type [org.springframework.test.context.ActiveProfiles] and class [guru.springframework.sfgpetclinic.SfgPetClinicApplicationTests]
14:09:20.213 [main] DEBUG org.springframework.core.env.StandardEnvironment - Adding PropertySource 'systemProperties' with lowest search precedence
14:09:20.214 [main] DEBUG org.springframework.core.env.StandardEnvironment - Adding PropertySource 'systemEnvironment' with lowest search precedence
14:09:20.214 [main] DEBUG org.springframework.core.env.StandardEnvironment - Initialized StandardEnvironment with PropertySources [MapPropertySource@1961945640 {name='systemProperties', properties={java.specification.version=14, sun.cpu.isalist=amd64, sun.jnu.encoding=Cp1252, java.class.path=C:\Billy\github\sfg_pet_clinic_history\add maven release plug in sfg-pet-clinic-b0d8bd\pet-clinic-web\target\test-classes;C:\Billy\github\sfg_pet_clinic_history\add maven release plug in sfg-pet-clinic-b0d8bd\pet-clinic-web\target\classes;C:\Billy\github\sfg_pet_clinic_history\add maven release plug in sfg-pet-clinic-b0d8bd\pet-clinic-data\target\classes;C:\Users\billyy1\.m2\repository\org\springframework\boot\spring-boot-starter-data-jpa\2.0.3.RELEASE\spring-boot-starter-data-jpa-2.0.3.RELEASE.jar;C:\Users\billyy1\.m2\repository\org\springframework\boot\spring-boot-starter-aop\2.0.3.RELEASE\spring-boot-starter-aop-2.0.3.RELEASE.jar;C:\Users\billyy1\.m2\repository\org\aspectj\aspectjweaver\1.8.13\aspectjweaver-1.8.13.jar;C:\Users\billyy1\.m2\repository\org\springframework\boot\spring-boot-starter-jdbc\2.0.3.RELEASE\spring-boot-starter-jdbc-2.0.3.RELEASE.jar;C:\Users\billyy1\.m2\repository\com\zaxxer\HikariCP\2.7.9\HikariCP-2.7.9.jar;C:\Users\billyy1\.m2\repository\org\springframework\spring-jdbc\5.0.7.RELEASE\spring-jdbc-5.0.7.RELEASE.jar;C:\Users\billyy1\.m2\repository\org\hibernate\hibernate-core\5.2.17.Final\hibernate-core-5.2.17.Final.jar;C:\Users\billyy1\.m2\repository\org\hibernate\javax\persistence\hibernate-jpa-2.1-api\1.0.2.Final\hibernate-jpa-2.1-api-1.0.2.Final.jar;C:\Users\billyy1\.m2\repository\org\javassist\javassist\3.22.0-GA\javassist-3.22.0-GA.jar;C:\Users\billyy1\.m2\repository\antlr\antlr\2.7.7\antlr-2.7.7.jar;C:\Users\billyy1\.m2\repository\org\jboss\jandex\2.0.3.Final\jandex-2.0.3.Final.jar;C:\Users\billyy1\.m2\repository\dom4j\dom4j\1.6.1\dom4j-1.6.1.jar;C:\Users\billyy1\.m2\repository\org\hibernate\common\hibernate-commons-annotations\5.0.1.Final\hibernate-commons-annotations-5.0.1.Final.jar;C:\Users\billyy1\.m2\repository\javax\transaction\javax.transaction-api\1.2\javax.transaction-api-1.2.jar;C:\Users\billyy1\.m2\repository\org\springframework\data\spring-data-jpa\2.0.8.RELEASE\spring-data-jpa-2.0.8.RELEASE.jar;C:\Users\billyy1\.m2\repository\org\springframework\data\spring-data-commons\2.0.8.RELEASE\spring-data-commons-2.0.8.RELEASE.jar;C:\Users\billyy1\.m2\repository\org\springframework\spring-orm\5.0.7.RELEASE\spring-orm-5.0.7.RELEASE.jar;C:\Users\billyy1\.m2\repository\org\springframework\spring-tx\5.0.7.RELEASE\spring-tx-5.0.7.RELEASE.jar;C:\Users\billyy1\.m2\repository\org\springframework\spring-aspects\5.0.7.RELEASE\spring-aspects-5.0.7.RELEASE.jar;C:\Users\billyy1\.m2\repository\com\h2database\h2\1.4.197\h2-1.4.197.jar;C:\Users\billyy1\.m2\repository\mysql\mysql-connector-java\5.1.46\mysql-connector-java-5.1.46.jar;C:\Users\billyy1\.m2\repository\org\springframework\boot\spring-boot-starter-actuator\2.0.3.RELEASE\spring-boot-starter-actuator-2.0.3.RELEASE.jar;C:\Users\billyy1\.m2\repository\org\springframework\boot\spring-boot-starter\2.0.3.RELEASE\spring-boot-starter-2.0.3.RELEASE.jar;C:\Users\billyy1\.m2\repository\org\springframework\boot\spring-boot-starter-logging\2.0.3.RELEASE\spring-boot-starter-logging-2.0.3.RELEASE.jar;C:\Users\billyy1\.m2\repository\ch\qos\logback\logback-classic\1.2.3\logback-classic-1.2.3.jar;C:\Users\billyy1\.m2\repository\ch\qos\logback\logback-core\1.2.3\logback-core-1.2.3.jar;C:\Users\billyy1\.m2\repository\org\apache\logging\log4j\log4j-to-slf4j\2.10.0\log4j-to-slf4j-2.10.0.jar;C:\Users\billyy1\.m2\repository\org\apache\logging\log4j\log4j-api\2.10.0\log4j-api-2.10.0.jar;C:\Users\billyy1\.m2\repository\org\slf4j\jul-to-slf4j\1.7.25\jul-to-slf4j-1.7.25.jar;C:\Users\billyy1\.m2\repository\javax\annotation\javax.annotation-api\1.3.2\javax.annotation-api-1.3.2.jar;C:\Users\billyy1\.m2\repository\org\yaml\snakeyaml\1.19\snakeyaml-1.19.jar;C:\Users\billyy1\.m2\repository\org\springframework\boot\spring-boot-actuator-autoconfigure\2.0.3.RELEASE\spring-boot-actuator-autoconfigure-2.0.3.RELEASE.jar;C:\Users\billyy1\.m2\repository\org\springframework\boot\spring-boot-actuator\2.0.3.RELEASE\spring-boot-actuator-2.0.3.RELEASE.jar;C:\Users\billyy1\.m2\repository\com\fasterxml\jackson\core\jackson-databind\2.9.6\jackson-databind-2.9.6.jar;C:\Users\billyy1\.m2\repository\com\fasterxml\jackson\core\jackson-annotations\2.9.0\jackson-annotations-2.9.0.jar;C:\Users\billyy1\.m2\repository\com\fasterxml\jackson\core\jackson-core\2.9.6\jackson-core-2.9.6.jar;C:\Users\billyy1\.m2\repository\org\springframework\spring-context\5.0.7.RELEASE\spring-context-5.0.7.RELEASE.jar;C:\Users\billyy1\.m2\repository\com\fasterxml\jackson\datatype\jackson-datatype-jsr310\2.9.6\jackson-datatype-jsr310-2.9.6.jar;C:\Users\billyy1\.m2\repository\io\micrometer\micrometer-core\1.0.5\micrometer-core-1.0.5.jar;C:\Users\billyy1\.m2\repository\org\hdrhistogram\HdrHistogram\2.1.10\HdrHistogram-2.1.10.jar;C:\Users\billyy1\.m2\repository\org\latencyutils\LatencyUtils\2.0.3\LatencyUtils-2.0.3.jar;C:\Users\billyy1\.m2\repository\org\springframework\boot\spring-boot-starter-thymeleaf\2.0.3.RELEASE\spring-boot-starter-thymeleaf-2.0.3.RELEASE.jar;C:\Users\billyy1\.m2\repository\org\thymeleaf\thymeleaf-spring5\3.0.9.RELEASE\thymeleaf-spring5-3.0.9.RELEASE.jar;C:\Users\billyy1\.m2\repository\org\thymeleaf\thymeleaf\3.0.9.RELEASE\thymeleaf-3.0.9.RELEASE.jar;C:\Users\billyy1\.m2\repository\org\attoparser\attoparser\2.0.4.RELEASE\attoparser-2.0.4.RELEASE.jar;C:\Users\billyy1\.m2\repository\org\unbescape\unbescape\1.1.5.RELEASE\unbescape-1.1.5.RELEASE.jar;C:\Users\billyy1\.m2\repository\org\slf4j\slf4j-api\1.7.25\slf4j-api-1.7.25.jar;C:\Users\billyy1\.m2\repository\org\thymeleaf\extras\thymeleaf-extras-java8time\3.0.1.RELEASE\thymeleaf-extras-java8time-3.0.1.RELEASE.jar;C:\Users\billyy1\.m2\repository\org\springframework\boot\spring-boot-starter-web\2.0.3.RELEASE\spring-boot-starter-web-2.0.3.RELEASE.jar;C:\Users\billyy1\.m2\repository\org\springframework\boot\spring-boot-starter-json\2.0.3.RELEASE\spring-boot-starter-json-2.0.3.RELEASE.jar;C:\Users\billyy1\.m2\repository\com\fasterxml\jackson\datatype\jackson-datatype-jdk8\2.9.6\jackson-datatype-jdk8-2.9.6.jar;C:\Users\billyy1\.m2\repository\com\fasterxml\jackson\module\jackson-module-parameter-names\2.9.6\jackson-module-parameter-names-2.9.6.jar;C:\Users\billyy1\.m2\repository\org\springframework\boot\spring-boot-starter-tomcat\2.0.3.RELEASE\spring-boot-starter-tomcat-2.0.3.RELEASE.jar;C:\Users\billyy1\.m2\repository\org\apache\tomcat\embed\tomcat-embed-core\8.5.31\tomcat-embed-core-8.5.31.jar;C:\Users\billyy1\.m2\repository\org\apache\tomcat\embed\tomcat-embed-el\8.5.31\tomcat-embed-el-8.5.31.jar;C:\Users\billyy1\.m2\repository\org\apache\tomcat\embed\tomcat-embed-websocket\8.5.31\tomcat-embed-websocket-8.5.31.jar;C:\Users\billyy1\.m2\repository\org\hibernate\validator\hibernate-validator\6.0.10.Final\hibernate-validator-6.0.10.Final.jar;C:\Users\billyy1\.m2\repository\javax\validation\validation-api\2.0.1.Final\validation-api-2.0.1.Final.jar;C:\Users\billyy1\.m2\repository\org\jboss\logging\jboss-logging\3.3.2.Final\jboss-logging-3.3.2.Final.jar;C:\Users\billyy1\.m2\repository\com\fasterxml\classmate\1.3.4\classmate-1.3.4.jar;C:\Users\billyy1\.m2\repository\org\springframework\spring-web\5.0.7.RELEASE\spring-web-5.0.7.RELEASE.jar;C:\Users\billyy1\.m2\repository\org\springframework\spring-beans\5.0.7.RELEASE\spring-beans-5.0.7.RELEASE.jar;C:\Users\billyy1\.m2\repository\org\springframework\spring-webmvc\5.0.7.RELEASE\spring-webmvc-5.0.7.RELEASE.jar;C:\Users\billyy1\.m2\repository\org\springframework\spring-aop\5.0.7.RELEASE\spring-aop-5.0.7.RELEASE.jar;C:\Users\billyy1\.m2\repository\org\springframework\spring-expression\5.0.7.RELEASE\spring-expression-5.0.7.RELEASE.jar;C:\Users\billyy1\.m2\repository\org\springframework\boot\spring-boot-devtools\2.0.3.RELEASE\spring-boot-devtools-2.0.3.RELEASE.jar;C:\Users\billyy1\.m2\repository\org\springframework\boot\spring-boot\2.0.3.RELEASE\spring-boot-2.0.3.RELEASE.jar;C:\Users\billyy1\.m2\repository\org\springframework\boot\spring-boot-autoconfigure\2.0.3.RELEASE\spring-boot-autoconfigure-2.0.3.RELEASE.jar;C:\Users\billyy1\.m2\repository\org\springframework\boot\spring-boot-starter-test\2.0.3.RELEASE\spring-boot-starter-test-2.0.3.RELEASE.jar;C:\Users\billyy1\.m2\repository\org\springframework\boot\spring-boot-test\2.0.3.RELEASE\spring-boot-test-2.0.3.RELEASE.jar;C:\Users\billyy1\.m2\repository\org\springframework\boot\spring-boot-test-autoconfigure\2.0.3.RELEASE\spring-boot-test-autoconfigure-2.0.3.RELEASE.jar;C:\Users\billyy1\.m2\repository\com\jayway\jsonpath\json-path\2.4.0\json-path-2.4.0.jar;C:\Users\billyy1\.m2\repository\net\minidev\json-smart\2.3\json-smart-2.3.jar;C:\Users\billyy1\.m2\repository\net\minidev\accessors-smart\1.2\accessors-smart-1.2.jar;C:\Users\billyy1\.m2\repository\org\ow2\asm\asm\5.0.4\asm-5.0.4.jar;C:\Users\billyy1\.m2\repository\junit\junit\4.12\junit-4.12.jar;C:\Users\billyy1\.m2\repository\org\assertj\assertj-core\3.9.1\assertj-core-3.9.1.jar;C:\Users\billyy1\.m2\repository\org\mockito\mockito-core\2.15.0\mockito-core-2.15.0.jar;C:\Users\billyy1\.m2\repository\net\bytebuddy\byte-buddy\1.7.11\byte-buddy-1.7.11.jar;C:\Users\billyy1\.m2\repository\net\bytebuddy\byte-buddy-agent\1.7.11\byte-buddy-agent-1.7.11.jar;C:\Users\billyy1\.m2\repository\org\objenesis\objenesis\2.6\objenesis-2.6.jar;C:\Users\billyy1\.m2\repository\org\hamcrest\hamcrest-core\1.3\hamcrest-core-1.3.jar;C:\Users\billyy1\.m2\repository\org\hamcrest\hamcrest-library\1.3\hamcrest-library-1.3.jar;C:\Users\billyy1\.m2\repository\org\skyscreamer\jsonassert\1.5.0\jsonassert-1.5.0.jar;C:\Users\billyy1\.m2\repository\com\vaadin\external\google\android-json\0.0.20131108.vaadin1\android-json-0.0.20131108.vaadin1.jar;C:\Users\billyy1\.m2\repository\org\springframework\spring-core\5.0.7.RELEASE\spring-core-5.0.7.RELEASE.jar;C:\Users\billyy1\.m2\repository\org\springframework\spring-jcl\5.0.7.RELEASE\spring-jcl-5.0.7.RELEASE.jar;C:\Users\billyy1\.m2\repository\org\springframework\spring-test\5.0.7.RELEASE\spring-test-5.0.7.RELEASE.jar;C:\Users\billyy1\.m2\repository\org\xmlunit\xmlunit-core\2.5.1\xmlunit-core-2.5.1.jar;, java.vm.vendor=Oracle Corporation, sun.arch.data.model=64, user.variant=, java.vendor.url=https://java.oracle.com/, user.timezone=America/Toronto, java.vm.specification.version=14, os.name=Windows 10, sun.java.launcher=SUN_STANDARD, user.country=US, sun.boot.library.path=C:\Program Files\Java\jdk-14.0.1\bin, sun.java.command=C:\Users\billyy1\AppData\Local\Temp\surefire6946851347571097082\surefirebooter11769758361883703687.jar C:\Users\billyy1\AppData\Local\Temp\surefire6946851347571097082 2021-01-18T14-09-05_968-jvmRun1 surefire11932980996887276813tmp surefire_06510895832029979225tmp, jdk.debug=release, surefire.test.class.path=C:\Billy\github\sfg_pet_clinic_history\add maven release plug in sfg-pet-clinic-b0d8bd\pet-clinic-web\target\test-classes;C:\Billy\github\sfg_pet_clinic_history\add maven release plug in sfg-pet-clinic-b0d8bd\pet-clinic-web\target\classes;C:\Billy\github\sfg_pet_clinic_history\add maven release plug in sfg-pet-clinic-b0d8bd\pet-clinic-data\target\classes;C:\Users\billyy1\.m2\repository\org\springframework\boot\spring-boot-starter-data-jpa\2.0.3.RELEASE\spring-boot-starter-data-jpa-2.0.3.RELEASE.jar;C:\Users\billyy1\.m2\repository\org\springframework\boot\spring-boot-starter-aop\2.0.3.RELEASE\spring-boot-starter-aop-2.0.3.RELEASE.jar;C:\Users\billyy1\.m2\repository\org\aspectj\aspectjweaver\1.8.13\aspectjweaver-1.8.13.jar;C:\Users\billyy1\.m2\repository\org\springframework\boot\spring-boot-starter-jdbc\2.0.3.RELEASE\spring-boot-starter-jdbc-2.0.3.RELEASE.jar;C:\Users\billyy1\.m2\repository\com\zaxxer\HikariCP\2.7.9\HikariCP-2.7.9.jar;C:\Users\billyy1\.m2\repository\org\springframework\spring-jdbc\5.0.7.RELEASE\spring-jdbc-5.0.7.RELEASE.jar;C:\Users\billyy1\.m2\repository\org\hibernate\hibernate-core\5.2.17.Final\hibernate-core-5.2.17.Final.jar;C:\Users\billyy1\.m2\repository\org\hibernate\javax\persistence\hibernate-jpa-2.1-api\1.0.2.Final\hibernate-jpa-2.1-api-1.0.2.Final.jar;C:\Users\billyy1\.m2\repository\org\javassist\javassist\3.22.0-GA\javassist-3.22.0-GA.jar;C:\Users\billyy1\.m2\repository\antlr\antlr\2.7.7\antlr-2.7.7.jar;C:\Users\billyy1\.m2\repository\org\jboss\jandex\2.0.3.Final\jandex-2.0.3.Final.jar;C:\Users\billyy1\.m2\repository\dom4j\dom4j\1.6.1\dom4j-1.6.1.jar;C:\Users\billyy1\.m2\repository\org\hibernate\common\hibernate-commons-annotations\5.0.1.Final\hibernate-commons-annotations-5.0.1.Final.jar;C:\Users\billyy1\.m2\repository\javax\transaction\javax.transaction-api\1.2\javax.transaction-api-1.2.jar;C:\Users\billyy1\.m2\repository\org\springframework\data\spring-data-jpa\2.0.8.RELEASE\spring-data-jpa-2.0.8.RELEASE.jar;C:\Users\billyy1\.m2\repository\org\springframework\data\spring-data-commons\2.0.8.RELEASE\spring-data-commons-2.0.8.RELEASE.jar;C:\Users\billyy1\.m2\repository\org\springframework\spring-orm\5.0.7.RELEASE\spring-orm-5.0.7.RELEASE.jar;C:\Users\billyy1\.m2\repository\org\springframework\spring-tx\5.0.7.RELEASE\spring-tx-5.0.7.RELEASE.jar;C:\Users\billyy1\.m2\repository\org\springframework\spring-aspects\5.0.7.RELEASE\spring-aspects-5.0.7.RELEASE.jar;C:\Users\billyy1\.m2\repository\com\h2database\h2\1.4.197\h2-1.4.197.jar;C:\Users\billyy1\.m2\repository\mysql\mysql-connector-java\5.1.46\mysql-connector-java-5.1.46.jar;C:\Users\billyy1\.m2\repository\org\springframework\boot\spring-boot-starter-actuator\2.0.3.RELEASE\spring-boot-starter-actuator-2.0.3.RELEASE.jar;C:\Users\billyy1\.m2\repository\org\springframework\boot\spring-boot-starter\2.0.3.RELEASE\spring-boot-starter-2.0.3.RELEASE.jar;C:\Users\billyy1\.m2\repository\org\springframework\boot\spring-boot-starter-logging\2.0.3.RELEASE\spring-boot-starter-logging-2.0.3.RELEASE.jar;C:\Users\billyy1\.m2\repository\ch\qos\logback\logback-classic\1.2.3\logback-classic-1.2.3.jar;C:\Users\billyy1\.m2\repository\ch\qos\logback\logback-core\1.2.3\logback-core-1.2.3.jar;C:\Users\billyy1\.m2\repository\org\apache\logging\log4j\log4j-to-slf4j\2.10.0\log4j-to-slf4j-2.10.0.jar;C:\Users\billyy1\.m2\repository\org\apache\logging\log4j\log4j-api\2.10.0\log4j-api-2.10.0.jar;C:\Users\billyy1\.m2\repository\org\slf4j\jul-to-slf4j\1.7.25\jul-to-slf4j-1.7.25.jar;C:\Users\billyy1\.m2\repository\javax\annotation\javax.annotation-api\1.3.2\javax.annotation-api-1.3.2.jar;C:\Users\billyy1\.m2\repository\org\yaml\snakeyaml\1.19\snakeyaml-1.19.jar;C:\Users\billyy1\.m2\repository\org\springframework\boot\spring-boot-actuator-autoconfigure\2.0.3.RELEASE\spring-boot-actuator-autoconfigure-2.0.3.RELEASE.jar;C:\Users\billyy1\.m2\repository\org\springframework\boot\spring-boot-actuator\2.0.3.RELEASE\spring-boot-actuator-2.0.3.RELEASE.jar;C:\Users\billyy1\.m2\repository\com\fasterxml\jackson\core\jackson-databind\2.9.6\jackson-databind-2.9.6.jar;C:\Users\billyy1\.m2\repository\com\fasterxml\jackson\core\jackson-annotations\2.9.0\jackson-annotations-2.9.0.jar;C:\Users\billyy1\.m2\repository\com\fasterxml\jackson\core\jackson-core\2.9.6\jackson-core-2.9.6.jar;C:\Users\billyy1\.m2\repository\org\springframework\spring-context\5.0.7.RELEASE\spring-context-5.0.7.RELEASE.jar;C:\Users\billyy1\.m2\repository\com\fasterxml\jackson\datatype\jackson-datatype-jsr310\2.9.6\jackson-datatype-jsr310-2.9.6.jar;C:\Users\billyy1\.m2\repository\io\micrometer\micrometer-core\1.0.5\micrometer-core-1.0.5.jar;C:\Users\billyy1\.m2\repository\org\hdrhistogram\HdrHistogram\2.1.10\HdrHistogram-2.1.10.jar;C:\Users\billyy1\.m2\repository\org\latencyutils\LatencyUtils\2.0.3\LatencyUtils-2.0.3.jar;C:\Users\billyy1\.m2\repository\org\springframework\boot\spring-boot-starter-thymeleaf\2.0.3.RELEASE\spring-boot-starter-thymeleaf-2.0.3.RELEASE.jar;C:\Users\billyy1\.m2\repository\org\thymeleaf\thymeleaf-spring5\3.0.9.RELEASE\thymeleaf-spring5-3.0.9.RELEASE.jar;C:\Users\billyy1\.m2\repository\org\thymeleaf\thymeleaf\3.0.9.RELEASE\thymeleaf-3.0.9.RELEASE.jar;C:\Users\billyy1\.m2\repository\org\attoparser\attoparser\2.0.4.RELEASE\attoparser-2.0.4.RELEASE.jar;C:\Users\billyy1\.m2\repository\org\unbescape\unbescape\1.1.5.RELEASE\unbescape-1.1.5.RELEASE.jar;C:\Users\billyy1\.m2\repository\org\slf4j\slf4j-api\1.7.25\slf4j-api-1.7.25.jar;C:\Users\billyy1\.m2\repository\org\thymeleaf\extras\thymeleaf-extras-java8time\3.0.1.RELEASE\thymeleaf-extras-java8time-3.0.1.RELEASE.jar;C:\Users\billyy1\.m2\repository\org\springframework\boot\spring-boot-starter-web\2.0.3.RELEASE\spring-boot-starter-web-2.0.3.RELEASE.jar;C:\Users\billyy1\.m2\repository\org\springframework\boot\spring-boot-starter-json\2.0.3.RELEASE\spring-boot-starter-json-2.0.3.RELEASE.jar;C:\Users\billyy1\.m2\repository\com\fasterxml\jackson\datatype\jackson-datatype-jdk8\2.9.6\jackson-datatype-jdk8-2.9.6.jar;C:\Users\billyy1\.m2\repository\com\fasterxml\jackson\module\jackson-module-parameter-names\2.9.6\jackson-module-parameter-names-2.9.6.jar;C:\Users\billyy1\.m2\repository\org\springframework\boot\spring-boot-starter-tomcat\2.0.3.RELEASE\spring-boot-starter-tomcat-2.0.3.RELEASE.jar;C:\Users\billyy1\.m2\repository\org\apache\tomcat\embed\tomcat-embed-core\8.5.31\tomcat-embed-core-8.5.31.jar;C:\Users\billyy1\.m2\repository\org\apache\tomcat\embed\tomcat-embed-el\8.5.31\tomcat-embed-el-8.5.31.jar;C:\Users\billyy1\.m2\repository\org\apache\tomcat\embed\tomcat-embed-websocket\8.5.31\tomcat-embed-websocket-8.5.31.jar;C:\Users\billyy1\.m2\repository\org\hibernate\validator\hibernate-validator\6.0.10.Final\hibernate-validator-6.0.10.Final.jar;C:\Users\billyy1\.m2\repository\javax\validation\validation-api\2.0.1.Final\validation-api-2.0.1.Final.jar;C:\Users\billyy1\.m2\repository\org\jboss\logging\jboss-logging\3.3.2.Final\jboss-logging-3.3.2.Final.jar;C:\Users\billyy1\.m2\repository\com\fasterxml\classmate\1.3.4\classmate-1.3.4.jar;C:\Users\billyy1\.m2\repository\org\springframework\spring-web\5.0.7.RELEASE\spring-web-5.0.7.RELEASE.jar;C:\Users\billyy1\.m2\repository\org\springframework\spring-beans\5.0.7.RELEASE\spring-beans-5.0.7.RELEASE.jar;C:\Users\billyy1\.m2\repository\org\springframework\spring-webmvc\5.0.7.RELEASE\spring-webmvc-5.0.7.RELEASE.jar;C:\Users\billyy1\.m2\repository\org\springframework\spring-aop\5.0.7.RELEASE\spring-aop-5.0.7.RELEASE.jar;C:\Users\billyy1\.m2\repository\org\springframework\spring-expression\5.0.7.RELEASE\spring-expression-5.0.7.RELEASE.jar;C:\Users\billyy1\.m2\repository\org\springframework\boot\spring-boot-devtools\2.0.3.RELEASE\spring-boot-devtools-2.0.3.RELEASE.jar;C:\Users\billyy1\.m2\repository\org\springframework\boot\spring-boot\2.0.3.RELEASE\spring-boot-2.0.3.RELEASE.jar;C:\Users\billyy1\.m2\repository\org\springframework\boot\spring-boot-autoconfigure\2.0.3.RELEASE\spring-boot-autoconfigure-2.0.3.RELEASE.jar;C:\Users\billyy1\.m2\repository\org\springframework\boot\spring-boot-starter-test\2.0.3.RELEASE\spring-boot-starter-test-2.0.3.RELEASE.jar;C:\Users\billyy1\.m2\repository\org\springframework\boot\spring-boot-test\2.0.3.RELEASE\spring-boot-test-2.0.3.RELEASE.jar;C:\Users\billyy1\.m2\repository\org\springframework\boot\spring-boot-test-autoconfigure\2.0.3.RELEASE\spring-boot-test-autoconfigure-2.0.3.RELEASE.jar;C:\Users\billyy1\.m2\repository\com\jayway\jsonpath\json-path\2.4.0\json-path-2.4.0.jar;C:\Users\billyy1\.m2\repository\net\minidev\json-smart\2.3\json-smart-2.3.jar;C:\Users\billyy1\.m2\repository\net\minidev\accessors-smart\1.2\accessors-smart-1.2.jar;C:\Users\billyy1\.m2\repository\org\ow2\asm\asm\5.0.4\asm-5.0.4.jar;C:\Users\billyy1\.m2\repository\junit\junit\4.12\junit-4.12.jar;C:\Users\billyy1\.m2\repository\org\assertj\assertj-core\3.9.1\assertj-core-3.9.1.jar;C:\Users\billyy1\.m2\repository\org\mockito\mockito-core\2.15.0\mockito-core-2.15.0.jar;C:\Users\billyy1\.m2\repository\net\bytebuddy\byte-buddy\1.7.11\byte-buddy-1.7.11.jar;C:\Users\billyy1\.m2\repository\net\bytebuddy\byte-buddy-agent\1.7.11\byte-buddy-agent-1.7.11.jar;C:\Users\billyy1\.m2\repository\org\objenesis\objenesis\2.6\objenesis-2.6.jar;C:\Users\billyy1\.m2\repository\org\hamcrest\hamcrest-core\1.3\hamcrest-core-1.3.jar;C:\Users\billyy1\.m2\repository\org\hamcrest\hamcrest-library\1.3\hamcrest-library-1.3.jar;C:\Users\billyy1\.m2\repository\org\skyscreamer\jsonassert\1.5.0\jsonassert-1.5.0.jar;C:\Users\billyy1\.m2\repository\com\vaadin\external\google\android-json\0.0.20131108.vaadin1\android-json-0.0.20131108.vaadin1.jar;C:\Users\billyy1\.m2\repository\org\springframework\spring-core\5.0.7.RELEASE\spring-core-5.0.7.RELEASE.jar;C:\Users\billyy1\.m2\repository\org\springframework\spring-jcl\5.0.7.RELEASE\spring-jcl-5.0.7.RELEASE.jar;C:\Users\billyy1\.m2\repository\org\springframework\spring-test\5.0.7.RELEASE\spring-test-5.0.7.RELEASE.jar;C:\Users\billyy1\.m2\repository\org\xmlunit\xmlunit-core\2.5.1\xmlunit-core-2.5.1.jar;, sun.cpu.endian=little, user.home=C:\Users\billyy1, user.language=en, java.specification.vendor=Oracle Corporation, java.version.date=2020-04-14, java.home=C:\Program Files\Java\jdk-14.0.1, file.separator=\, basedir=C:\Billy\github\sfg_pet_clinic_history\add maven release plug in sfg-pet-clinic-b0d8bd\pet-clinic-web, java.vm.compressedOopsMode=Zero based, line.separator=
, java.vm.specification.vendor=Oracle Corporation, java.specification.name=Java Platform API Specification, surefire.real.class.path=C:\Users\billyy1\AppData\Local\Temp\surefire6946851347571097082\surefirebooter11769758361883703687.jar, user.script=, sun.management.compiler=HotSpot 64-Bit Tiered Compilers, java.runtime.version=14.0.1+7, user.name=BillyY1, path.separator=;, os.version=10.0, java.runtime.name=Java(TM) SE Runtime Environment, file.encoding=Cp1252, java.vm.name=Java HotSpot(TM) 64-Bit Server VM, localRepository=C:\Users\billyy1\.m2\repository, java.vendor.url.bug=https://bugreport.java.com/bugreport/, java.io.tmpdir=C:\Users\billyy1\AppData\Local\Temp\, idea.version=2020.3.1, java.version=14.0.1, user.dir=C:\Billy\github\sfg_pet_clinic_history\add maven release plug in sfg-pet-clinic-b0d8bd\pet-clinic-web, os.arch=amd64, java.vm.specification.name=Java Virtual Machine Specification, sun.os.patch.level=, java.library.path=C:\Program Files\Java\jdk-14.0.1\bin;C:\WINDOWS\Sun\Java\bin;C:\WINDOWS\system32;C:\WINDOWS;C:\Python39\Scripts\;C:\Python39\;C:\Program Files (x86)\Common Files\Oracle\Java\javapath;C:\WINDOWS\system32;C:\WINDOWS;C:\WINDOWS\System32\Wbem;C:\WINDOWS\System32\WindowsPowerShell\v1.0\;C:\WINDOWS\System32\OpenSSH\;C:\Program Files\nodejs\;C:\Program Files\Kubernetes\Minikube;C:\ProgramData\chocolatey\bin;C:\Program Files\Amazon\AWSCLIV2\;C:\Billy\Install\apache-ant-1.10.8\bin;C:\Program Files\Java\jdk-14.0.1\bin;%M2_HOME%\bin;C:\Program Files\Git\cmd;C:\HashiCorp\Vagrant\bin;C:\Program Files\Java\jre7\bin;C:\Program Files (x86)\scala\bin;C:\Program Files (x86)\scala\bin;C:\ProgramData\chocolatey\lib\gradle\tools\gradle-6.5.1\bin;C:\Program Files (x86)\sbt\bin;C:\Billy\Install\apache-maven-3.6.3\bin;C:\Program Files\PostgreSQL\13\bin;C:\Program Files\PostgreSQL\13\lib;;C:\Program Files (x86)\WinMerge;C:\Program Files\Docker\Docker\resources\bin;C:\ProgramData\DockerDesktop\version-bin;C:\Program Files\MySQL\MySQL Shell 8.0\bin\;C:\Users\billyy1\AppData\Local\Microsoft\WindowsApps;C:\Users\billyy1\AppData\Local\Programs\Git\cmd;C:\Users\billyy1\AppData\Local\Programs\Microsoft VS Code\bin;C:\Users\billyy1\AppData\Local\JetBrains\IntelliJ IDEA Community Edition 2020.1.2\bin;C:\Users\billyy1\AppData\Local\atom\bin;C:\Users\billyy1\AppData\Roaming\npm;C:\ProgramData\chocoportable\bin;;., java.vm.info=mixed mode, sharing, java.vendor=Oracle Corporation, java.vm.version=14.0.1+7, sun.io.unicode.encoding=UnicodeLittle, java.class.version=58.0}}, SystemEnvironmentPropertySource@258931371 {name='systemEnvironment', properties={PATH=C:\Python39\Scripts\;C:\Python39\;C:\Program Files (x86)\Common Files\Oracle\Java\javapath;C:\WINDOWS\system32;C:\WINDOWS;C:\WINDOWS\System32\Wbem;C:\WINDOWS\System32\WindowsPowerShell\v1.0\;C:\WINDOWS\System32\OpenSSH\;C:\Program Files\nodejs\;C:\Program Files\Kubernetes\Minikube;C:\ProgramData\chocolatey\bin;C:\Program Files\Amazon\AWSCLIV2\;C:\Billy\Install\apache-ant-1.10.8\bin;C:\Program Files\Java\jdk-14.0.1\bin;%M2_HOME%\bin;C:\Program Files\Git\cmd;C:\HashiCorp\Vagrant\bin;C:\Program Files\Java\jre7\bin;C:\Program Files (x86)\scala\bin;C:\Program Files (x86)\scala\bin;C:\ProgramData\chocolatey\lib\gradle\tools\gradle-6.5.1\bin;C:\Program Files (x86)\sbt\bin;C:\Billy\Install\apache-maven-3.6.3\bin;C:\Program Files\PostgreSQL\13\bin;C:\Program Files\PostgreSQL\13\lib;;C:\Program Files (x86)\WinMerge;C:\Program Files\Docker\Docker\resources\bin;C:\ProgramData\DockerDesktop\version-bin;C:\Program Files\MySQL\MySQL Shell 8.0\bin\;C:\Users\billyy1\AppData\Local\Microsoft\WindowsApps;C:\Users\billyy1\AppData\Local\Programs\Git\cmd;C:\Users\billyy1\AppData\Local\Programs\Microsoft VS Code\bin;C:\Users\billyy1\AppData\Local\JetBrains\IntelliJ IDEA Community Edition 2020.1.2\bin;C:\Users\billyy1\AppData\Local\atom\bin;C:\Users\billyy1\AppData\Roaming\npm;C:\ProgramData\chocoportable\bin;, USERDOMAIN_ROAMINGPROFILE=VERIFONE, PROCESSOR_LEVEL=6, SYSTEMDRIVE=C:, SESSIONNAME=Console, ALLUSERSPROFILE=C:\ProgramData, PROCESSOR_ARCHITECTURE=AMD64, DRIVERDATA=C:\Windows\System32\Drivers\DriverData, DEFLOGDIR=C:\ProgramData\McAfee\Endpoint Security\Logs, PROGRAMFILES=C:\Program Files, PSMODULEPATH=C:\Program Files\WindowsPowerShell\Modules;C:\WINDOWS\system32\WindowsPowerShell\v1.0\Modules, PROGRAMDATA=C:\ProgramData, CHOCOLATEYLASTPATHUPDATE=132387019831777597, USERNAME=BillyY1, USERDNSDOMAIN=VERIFONE.COM, FPS_BROWSER_USER_PROFILE_STRING=Default, ONEDRIVE=C:\Users\billyy1\OneDrive - Verifone, PATHEXT=.COM;.EXE;.BAT;.CMD;.VBS;.VBE;.JS;.JSE;.WSF;.WSH;.MSC;.PY;.PYW, WINDIR=C:\WINDOWS, HOMEPATH=\Users\billyy1, PROCESSOR_IDENTIFIER=Intel64 Family 6 Model 158 Stepping 9, GenuineIntel, PUBLIC=C:\Users\Public, =::=::\, LOCALAPPDATA=C:\Users\billyy1\AppData\Local, COMMONPROGRAMFILES(X86)=C:\Program Files (x86)\Common Files, USERDOMAIN=VERIFONE, FPS_BROWSER_APP_PROFILE_STRING=Internet Explorer, LOGONSERVER=\\RH1WVDOMAIN1, JAVA_HOME=C:\Program Files\Java\jdk-14.0.1, PROMPT=$P$G, PROGRAMFILES(X86)=C:\Program Files (x86), GRADLE_HOME=C:\ProgramData\chocolatey\lib\gradle\tools\gradle-6.5.1, ANT_HOME=C:\Billy\Install\apache-ant-1.10.8, =C:=C:\Billy\github\sfg_pet_clinic_history\add maven release plug in sfg-pet-clinic-b0d8bd\pet-clinic-web, APPDATA=C:\Users\billyy1\AppData\Roaming, PROGRAMW6432=C:\Program Files, SYSTEMROOT=C:\WINDOWS, CHOCOLATEYINSTALL=C:\ProgramData\chocolatey, SCALA_HOME=C:\Program Files (x86)\scala, VBOX_MSI_INSTALL_PATH=C:\Program Files\Oracle\VirtualBox\, OS=Windows_NT, ONEDRIVECOMMERCIAL=C:\Users\billyy1\OneDrive - Verifone, COMMONPROGRAMW6432=C:\Program Files\Common Files, COMPUTERNAME=MIS-BILLYY1, DEVMGR_SHOW_NONPRESENT_DEVICES=1, INTELLIJ IDEA COMMUNITY EDITION=C:\Users\billyy1\AppData\Local\JetBrains\IntelliJ IDEA Community Edition 2020.1.2\bin;, COMMONPROGRAMFILES=C:\Program Files\Common Files, COMSPEC=C:\WINDOWS\system32\cmd.exe, SBT_HOME=C:\Program Files (x86)\sbt\, PROCESSOR_REVISION=9e09, UATDATA=C:\WINDOWS\CCM\UATData\D9F8C395-CAB8-491d-B8AC-179A1FE1BE77, TEMP=C:\Users\billyy1\AppData\Local\Temp, HOMEDRIVE=C:, USERPROFILE=C:\Users\billyy1, TMP=C:\Users\billyy1\AppData\Local\Temp, NUMBER_OF_PROCESSORS=4, IDEA_INITIAL_DIRECTORY=C:\WINDOWS\system32}}]
14:09:20.234 [main] DEBUG org.springframework.core.io.support.PathMatchingResourcePatternResolver - Resolved classpath location [guru/springframework/sfgpetclinic/] to resources [URL [file:/C:/Billy/github/sfg_pet_clinic_history/add%20maven%20release%20plug%20in%20sfg-pet-clinic-b0d8bd/pet-clinic-web/target/test-classes/guru/springframework/sfgpetclinic/], URL [file:/C:/Billy/github/sfg_pet_clinic_history/add%20maven%20release%20plug%20in%20sfg-pet-clinic-b0d8bd/pet-clinic-web/target/classes/guru/springframework/sfgpetclinic/], URL [file:/C:/Billy/github/sfg_pet_clinic_history/add%20maven%20release%20plug%20in%20sfg-pet-clinic-b0d8bd/pet-clinic-data/target/classes/guru/springframework/sfgpetclinic/]]
14:09:20.234 [main] DEBUG org.springframework.core.io.support.PathMatchingResourcePatternResolver - Looking for matching resources in directory tree [C:\Billy\github\sfg_pet_clinic_history\add maven release plug in sfg-pet-clinic-b0d8bd\pet-clinic-web\target\test-classes\guru\springframework\sfgpetclinic]
14:09:20.234 [main] DEBUG org.springframework.core.io.support.PathMatchingResourcePatternResolver - Searching directory [C:\Billy\github\sfg_pet_clinic_history\add maven release plug in sfg-pet-clinic-b0d8bd\pet-clinic-web\target\test-classes\guru\springframework\sfgpetclinic] for files matching pattern [C:/Billy/github/sfg_pet_clinic_history/add maven release plug in sfg-pet-clinic-b0d8bd/pet-clinic-web/target/test-classes/guru/springframework/sfgpetclinic/*.class]
14:09:20.243 [main] DEBUG org.springframework.core.io.support.PathMatchingResourcePatternResolver - Looking for matching resources in directory tree [C:\Billy\github\sfg_pet_clinic_history\add maven release plug in sfg-pet-clinic-b0d8bd\pet-clinic-web\target\classes\guru\springframework\sfgpetclinic]
14:09:20.243 [main] DEBUG org.springframework.core.io.support.PathMatchingResourcePatternResolver - Searching directory [C:\Billy\github\sfg_pet_clinic_history\add maven release plug in sfg-pet-clinic-b0d8bd\pet-clinic-web\target\classes\guru\springframework\sfgpetclinic] for files matching pattern [C:/Billy/github/sfg_pet_clinic_history/add maven release plug in sfg-pet-clinic-b0d8bd/pet-clinic-web/target/classes/guru/springframework/sfgpetclinic/*.class]
14:09:20.245 [main] DEBUG org.springframework.core.io.support.PathMatchingResourcePatternResolver - Looking for matching resources in directory tree [C:\Billy\github\sfg_pet_clinic_history\add maven release plug in sfg-pet-clinic-b0d8bd\pet-clinic-data\target\classes\guru\springframework\sfgpetclinic]
14:09:20.245 [main] DEBUG org.springframework.core.io.support.PathMatchingResourcePatternResolver - Searching directory [C:\Billy\github\sfg_pet_clinic_history\add maven release plug in sfg-pet-clinic-b0d8bd\pet-clinic-data\target\classes\guru\springframework\sfgpetclinic] for files matching pattern [C:/Billy/github/sfg_pet_clinic_history/add maven release plug in sfg-pet-clinic-b0d8bd/pet-clinic-data/target/classes/guru/springframework/sfgpetclinic/*.class]
14:09:20.246 [main] DEBUG org.springframework.core.io.support.PathMatchingResourcePatternResolver - Resolved location pattern [classpath*:guru/springframework/sfgpetclinic/*.class] to resources [file [C:\Billy\github\sfg_pet_clinic_history\add maven release plug in sfg-pet-clinic-b0d8bd\pet-clinic-web\target\test-classes\guru\springframework\sfgpetclinic\SfgPetClinicApplicationTests.class], file [C:\Billy\github\sfg_pet_clinic_history\add maven release plug in sfg-pet-clinic-b0d8bd\pet-clinic-web\target\classes\guru\springframework\sfgpetclinic\SfgPetClinicApplication.class]]
14:09:20.391 [main] DEBUG org.springframework.context.annotation.ClassPathScanningCandidateComponentProvider - Identified candidate component class: file [C:\Billy\github\sfg_pet_clinic_history\add maven release plug in sfg-pet-clinic-b0d8bd\pet-clinic-web\target\classes\guru\springframework\sfgpetclinic\SfgPetClinicApplication.class]
14:09:20.397 [main] INFO org.springframework.boot.test.context.SpringBootTestContextBootstrapper - Found @SpringBootConfiguration guru.springframework.sfgpetclinic.SfgPetClinicApplication for test class guru.springframework.sfgpetclinic.SfgPetClinicApplicationTests
14:09:20.659 [main] DEBUG org.springframework.boot.test.context.SpringBootTestContextBootstrapper - @TestExecutionListeners is not present for class [guru.springframework.sfgpetclinic.SfgPetClinicApplicationTests]: using defaults.
14:09:20.662 [main] INFO org.springframework.boot.test.context.SpringBootTestContextBootstrapper - Loaded default TestExecutionListener class names from location [META-INF/spring.factories]: [org.springframework.boot.test.mock.mockito.MockitoTestExecutionListener, org.springframework.boot.test.mock.mockito.ResetMocksTestExecutionListener, org.springframework.boot.test.autoconfigure.restdocs.RestDocsTestExecutionListener, org.springframework.boot.test.autoconfigure.web.client.MockRestServiceServerResetTestExecutionListener, org.springframework.boot.test.autoconfigure.web.servlet.MockMvcPrintOnlyOnFailureTestExecutionListener, org.springframework.boot.test.autoconfigure.web.servlet.WebDriverTestExecutionListener, org.springframework.test.context.web.ServletTestExecutionListener, org.springframework.test.context.support.DirtiesContextBeforeModesTestExecutionListener, org.springframework.test.context.support.DependencyInjectionTestExecutionListener, org.springframework.test.context.support.DirtiesContextTestExecutionListener, org.springframework.test.context.transaction.TransactionalTestExecutionListener, org.springframework.test.context.jdbc.SqlScriptsTestExecutionListener]
14:09:20.732 [main] INFO org.springframework.boot.test.context.SpringBootTestContextBootstrapper - Using TestExecutionListeners: [org.springframework.test.context.web.ServletTestExecutionListener@333d4a8c, org.springframework.test.context.support.DirtiesContextBeforeModesTestExecutionListener@55de24cc, org.springframework.boot.test.mock.mockito.MockitoTestExecutionListener@dc7df28, org.springframework.boot.test.autoconfigure.SpringBootDependencyInjectionTestExecutionListener@30f842ca, org.springframework.test.context.support.DirtiesContextTestExecutionListener@69c81773, org.springframework.test.context.transaction.TransactionalTestExecutionListener@4d14b6c2, org.springframework.test.context.jdbc.SqlScriptsTestExecutionListener@7e990ed7, org.springframework.boot.test.mock.mockito.ResetMocksTestExecutionListener@c05fddc, org.springframework.boot.test.autoconfigure.restdocs.RestDocsTestExecutionListener@25df00a0, org.springframework.boot.test.autoconfigure.web.client.MockRestServiceServerResetTestExecutionListener@4d15107f, org.springframework.boot.test.autoconfigure.web.servlet.MockMvcPrintOnlyOnFailureTestExecutionListener@7b4c50bc, org.springframework.boot.test.autoconfigure.web.servlet.WebDriverTestExecutionListener@5884a914]
14:09:20.795 [main] DEBUG org.springframework.test.annotation.ProfileValueUtils - Retrieved @ProfileValueSourceConfiguration [null] for test class [guru.springframework.sfgpetclinic.SfgPetClinicApplicationTests]
14:09:20.796 [main] DEBUG org.springframework.test.annotation.ProfileValueUtils - Retrieved ProfileValueSource type [class org.springframework.test.annotation.SystemProfileValueSource] for class [guru.springframework.sfgpetclinic.SfgPetClinicApplicationTests]
14:09:20.799 [main] DEBUG org.springframework.test.annotation.ProfileValueUtils - Retrieved @ProfileValueSourceConfiguration [null] for test class [guru.springframework.sfgpetclinic.SfgPetClinicApplicationTests]
14:09:20.799 [main] DEBUG org.springframework.test.annotation.ProfileValueUtils - Retrieved ProfileValueSource type [class org.springframework.test.annotation.SystemProfileValueSource] for class [guru.springframework.sfgpetclinic.SfgPetClinicApplicationTests]
14:09:20.800 [main] DEBUG org.springframework.test.annotation.ProfileValueUtils - Retrieved @ProfileValueSourceConfiguration [null] for test class [guru.springframework.sfgpetclinic.SfgPetClinicApplicationTests]
14:09:20.801 [main] DEBUG org.springframework.test.annotation.ProfileValueUtils - Retrieved ProfileValueSource type [class org.springframework.test.annotation.SystemProfileValueSource] for class [guru.springframework.sfgpetclinic.SfgPetClinicApplicationTests]
14:09:20.807 [main] DEBUG org.springframework.test.context.support.AbstractDirtiesContextTestExecutionListener - Before test class: context [DefaultTestContext@7dfd3c81 testClass = SfgPetClinicApplicationTests, testInstance = [null], testMethod = [null], testException = [null], mergedContextConfiguration = [WebMergedContextConfiguration@2584b82d testClass = SfgPetClinicApplicationTests, locations = '{}', classes = '{class guru.springframework.sfgpetclinic.SfgPetClinicApplication}', contextInitializerClasses = '[]', activeProfiles = '{}', propertySourceLocations = '{}', propertySourceProperties = '{org.springframework.boot.test.context.SpringBootTestContextBootstrapper=true}', contextCustomizers = set[org.springframework.boot.test.context.filter.ExcludeFilterContextCustomizer@1dde4cb2, org.springframework.boot.test.json.DuplicateJsonObjectContextCustomizerFactory$DuplicateJsonObjectContextCustomizer@393671df, org.springframework.boot.test.mock.mockito.MockitoContextCustomizer@0, org.springframework.boot.test.web.client.TestRestTemplateContextCustomizer@6c80d78a, org.springframework.boot.test.autoconfigure.properties.PropertyMappingContextCustomizer@0, org.springframework.boot.test.autoconfigure.web.servlet.WebDriverContextCustomizerFactory$Customizer@7b9a4292], resourceBasePath = 'src/main/webapp', contextLoader = 'org.springframework.boot.test.context.SpringBootContextLoader', parent = [null]], attributes = map['org.springframework.test.context.web.ServletTestExecutionListener.activateListener' -> true]], class annotated with @DirtiesContext [false] with mode [null].
14:09:20.808 [main] DEBUG org.springframework.test.annotation.ProfileValueUtils - Retrieved @ProfileValueSourceConfiguration [null] for test class [guru.springframework.sfgpetclinic.SfgPetClinicApplicationTests]
14:09:20.809 [main] DEBUG org.springframework.test.annotation.ProfileValueUtils - Retrieved ProfileValueSource type [class org.springframework.test.annotation.SystemProfileValueSource] for class [guru.springframework.sfgpetclinic.SfgPetClinicApplicationTests]
14:09:20.900 [main] DEBUG org.springframework.core.env.StandardEnvironment - Adding PropertySource 'systemProperties' with lowest search precedence
14:09:20.900 [main] DEBUG org.springframework.core.env.StandardEnvironment - Adding PropertySource 'systemEnvironment' with lowest search precedence
14:09:20.900 [main] DEBUG org.springframework.core.env.StandardEnvironment - Initialized StandardEnvironment with PropertySources [MapPropertySource@596470015 {name='systemProperties', properties={java.specification.version=14, sun.cpu.isalist=amd64, sun.jnu.encoding=Cp1252, java.class.path=C:\Billy\github\sfg_pet_clinic_history\add maven release plug in sfg-pet-clinic-b0d8bd\pet-clinic-web\target\test-classes;C:\Billy\github\sfg_pet_clinic_history\add maven release plug in sfg-pet-clinic-b0d8bd\pet-clinic-web\target\classes;C:\Billy\github\sfg_pet_clinic_history\add maven release plug in sfg-pet-clinic-b0d8bd\pet-clinic-data\target\classes;C:\Users\billyy1\.m2\repository\org\springframework\boot\spring-boot-starter-data-jpa\2.0.3.RELEASE\spring-boot-starter-data-jpa-2.0.3.RELEASE.jar;C:\Users\billyy1\.m2\repository\org\springframework\boot\spring-boot-starter-aop\2.0.3.RELEASE\spring-boot-starter-aop-2.0.3.RELEASE.jar;C:\Users\billyy1\.m2\repository\org\aspectj\aspectjweaver\1.8.13\aspectjweaver-1.8.13.jar;C:\Users\billyy1\.m2\repository\org\springframework\boot\spring-boot-starter-jdbc\2.0.3.RELEASE\spring-boot-starter-jdbc-2.0.3.RELEASE.jar;C:\Users\billyy1\.m2\repository\com\zaxxer\HikariCP\2.7.9\HikariCP-2.7.9.jar;C:\Users\billyy1\.m2\repository\org\springframework\spring-jdbc\5.0.7.RELEASE\spring-jdbc-5.0.7.RELEASE.jar;C:\Users\billyy1\.m2\repository\org\hibernate\hibernate-core\5.2.17.Final\hibernate-core-5.2.17.Final.jar;C:\Users\billyy1\.m2\repository\org\hibernate\javax\persistence\hibernate-jpa-2.1-api\1.0.2.Final\hibernate-jpa-2.1-api-1.0.2.Final.jar;C:\Users\billyy1\.m2\repository\org\javassist\javassist\3.22.0-GA\javassist-3.22.0-GA.jar;C:\Users\billyy1\.m2\repository\antlr\antlr\2.7.7\antlr-2.7.7.jar;C:\Users\billyy1\.m2\repository\org\jboss\jandex\2.0.3.Final\jandex-2.0.3.Final.jar;C:\Users\billyy1\.m2\repository\dom4j\dom4j\1.6.1\dom4j-1.6.1.jar;C:\Users\billyy1\.m2\repository\org\hibernate\common\hibernate-commons-annotations\5.0.1.Final\hibernate-commons-annotations-5.0.1.Final.jar;C:\Users\billyy1\.m2\repository\javax\transaction\javax.transaction-api\1.2\javax.transaction-api-1.2.jar;C:\Users\billyy1\.m2\repository\org\springframework\data\spring-data-jpa\2.0.8.RELEASE\spring-data-jpa-2.0.8.RELEASE.jar;C:\Users\billyy1\.m2\repository\org\springframework\data\spring-data-commons\2.0.8.RELEASE\spring-data-commons-2.0.8.RELEASE.jar;C:\Users\billyy1\.m2\repository\org\springframework\spring-orm\5.0.7.RELEASE\spring-orm-5.0.7.RELEASE.jar;C:\Users\billyy1\.m2\repository\org\springframework\spring-tx\5.0.7.RELEASE\spring-tx-5.0.7.RELEASE.jar;C:\Users\billyy1\.m2\repository\org\springframework\spring-aspects\5.0.7.RELEASE\spring-aspects-5.0.7.RELEASE.jar;C:\Users\billyy1\.m2\repository\com\h2database\h2\1.4.197\h2-1.4.197.jar;C:\Users\billyy1\.m2\repository\mysql\mysql-connector-java\5.1.46\mysql-connector-java-5.1.46.jar;C:\Users\billyy1\.m2\repository\org\springframework\boot\spring-boot-starter-actuator\2.0.3.RELEASE\spring-boot-starter-actuator-2.0.3.RELEASE.jar;C:\Users\billyy1\.m2\repository\org\springframework\boot\spring-boot-starter\2.0.3.RELEASE\spring-boot-starter-2.0.3.RELEASE.jar;C:\Users\billyy1\.m2\repository\org\springframework\boot\spring-boot-starter-logging\2.0.3.RELEASE\spring-boot-starter-logging-2.0.3.RELEASE.jar;C:\Users\billyy1\.m2\repository\ch\qos\logback\logback-classic\1.2.3\logback-classic-1.2.3.jar;C:\Users\billyy1\.m2\repository\ch\qos\logback\logback-core\1.2.3\logback-core-1.2.3.jar;C:\Users\billyy1\.m2\repository\org\apache\logging\log4j\log4j-to-slf4j\2.10.0\log4j-to-slf4j-2.10.0.jar;C:\Users\billyy1\.m2\repository\org\apache\logging\log4j\log4j-api\2.10.0\log4j-api-2.10.0.jar;C:\Users\billyy1\.m2\repository\org\slf4j\jul-to-slf4j\1.7.25\jul-to-slf4j-1.7.25.jar;C:\Users\billyy1\.m2\repository\javax\annotation\javax.annotation-api\1.3.2\javax.annotation-api-1.3.2.jar;C:\Users\billyy1\.m2\repository\org\yaml\snakeyaml\1.19\snakeyaml-1.19.jar;C:\Users\billyy1\.m2\repository\org\springframework\boot\spring-boot-actuator-autoconfigure\2.0.3.RELEASE\spring-boot-actuator-autoconfigure-2.0.3.RELEASE.jar;C:\Users\billyy1\.m2\repository\org\springframework\boot\spring-boot-actuator\2.0.3.RELEASE\spring-boot-actuator-2.0.3.RELEASE.jar;C:\Users\billyy1\.m2\repository\com\fasterxml\jackson\core\jackson-databind\2.9.6\jackson-databind-2.9.6.jar;C:\Users\billyy1\.m2\repository\com\fasterxml\jackson\core\jackson-annotations\2.9.0\jackson-annotations-2.9.0.jar;C:\Users\billyy1\.m2\repository\com\fasterxml\jackson\core\jackson-core\2.9.6\jackson-core-2.9.6.jar;C:\Users\billyy1\.m2\repository\org\springframework\spring-context\5.0.7.RELEASE\spring-context-5.0.7.RELEASE.jar;C:\Users\billyy1\.m2\repository\com\fasterxml\jackson\datatype\jackson-datatype-jsr310\2.9.6\jackson-datatype-jsr310-2.9.6.jar;C:\Users\billyy1\.m2\repository\io\micrometer\micrometer-core\1.0.5\micrometer-core-1.0.5.jar;C:\Users\billyy1\.m2\repository\org\hdrhistogram\HdrHistogram\2.1.10\HdrHistogram-2.1.10.jar;C:\Users\billyy1\.m2\repository\org\latencyutils\LatencyUtils\2.0.3\LatencyUtils-2.0.3.jar;C:\Users\billyy1\.m2\repository\org\springframework\boot\spring-boot-starter-thymeleaf\2.0.3.RELEASE\spring-boot-starter-thymeleaf-2.0.3.RELEASE.jar;C:\Users\billyy1\.m2\repository\org\thymeleaf\thymeleaf-spring5\3.0.9.RELEASE\thymeleaf-spring5-3.0.9.RELEASE.jar;C:\Users\billyy1\.m2\repository\org\thymeleaf\thymeleaf\3.0.9.RELEASE\thymeleaf-3.0.9.RELEASE.jar;C:\Users\billyy1\.m2\repository\org\attoparser\attoparser\2.0.4.RELEASE\attoparser-2.0.4.RELEASE.jar;C:\Users\billyy1\.m2\repository\org\unbescape\unbescape\1.1.5.RELEASE\unbescape-1.1.5.RELEASE.jar;C:\Users\billyy1\.m2\repository\org\slf4j\slf4j-api\1.7.25\slf4j-api-1.7.25.jar;C:\Users\billyy1\.m2\repository\org\thymeleaf\extras\thymeleaf-extras-java8time\3.0.1.RELEASE\thymeleaf-extras-java8time-3.0.1.RELEASE.jar;C:\Users\billyy1\.m2\repository\org\springframework\boot\spring-boot-starter-web\2.0.3.RELEASE\spring-boot-starter-web-2.0.3.RELEASE.jar;C:\Users\billyy1\.m2\repository\org\springframework\boot\spring-boot-starter-json\2.0.3.RELEASE\spring-boot-starter-json-2.0.3.RELEASE.jar;C:\Users\billyy1\.m2\repository\com\fasterxml\jackson\datatype\jackson-datatype-jdk8\2.9.6\jackson-datatype-jdk8-2.9.6.jar;C:\Users\billyy1\.m2\repository\com\fasterxml\jackson\module\jackson-module-parameter-names\2.9.6\jackson-module-parameter-names-2.9.6.jar;C:\Users\billyy1\.m2\repository\org\springframework\boot\spring-boot-starter-tomcat\2.0.3.RELEASE\spring-boot-starter-tomcat-2.0.3.RELEASE.jar;C:\Users\billyy1\.m2\repository\org\apache\tomcat\embed\tomcat-embed-core\8.5.31\tomcat-embed-core-8.5.31.jar;C:\Users\billyy1\.m2\repository\org\apache\tomcat\embed\tomcat-embed-el\8.5.31\tomcat-embed-el-8.5.31.jar;C:\Users\billyy1\.m2\repository\org\apache\tomcat\embed\tomcat-embed-websocket\8.5.31\tomcat-embed-websocket-8.5.31.jar;C:\Users\billyy1\.m2\repository\org\hibernate\validator\hibernate-validator\6.0.10.Final\hibernate-validator-6.0.10.Final.jar;C:\Users\billyy1\.m2\repository\javax\validation\validation-api\2.0.1.Final\validation-api-2.0.1.Final.jar;C:\Users\billyy1\.m2\repository\org\jboss\logging\jboss-logging\3.3.2.Final\jboss-logging-3.3.2.Final.jar;C:\Users\billyy1\.m2\repository\com\fasterxml\classmate\1.3.4\classmate-1.3.4.jar;C:\Users\billyy1\.m2\repository\org\springframework\spring-web\5.0.7.RELEASE\spring-web-5.0.7.RELEASE.jar;C:\Users\billyy1\.m2\repository\org\springframework\spring-beans\5.0.7.RELEASE\spring-beans-5.0.7.RELEASE.jar;C:\Users\billyy1\.m2\repository\org\springframework\spring-webmvc\5.0.7.RELEASE\spring-webmvc-5.0.7.RELEASE.jar;C:\Users\billyy1\.m2\repository\org\springframework\spring-aop\5.0.7.RELEASE\spring-aop-5.0.7.RELEASE.jar;C:\Users\billyy1\.m2\repository\org\springframework\spring-expression\5.0.7.RELEASE\spring-expression-5.0.7.RELEASE.jar;C:\Users\billyy1\.m2\repository\org\springframework\boot\spring-boot-devtools\2.0.3.RELEASE\spring-boot-devtools-2.0.3.RELEASE.jar;C:\Users\billyy1\.m2\repository\org\springframework\boot\spring-boot\2.0.3.RELEASE\spring-boot-2.0.3.RELEASE.jar;C:\Users\billyy1\.m2\repository\org\springframework\boot\spring-boot-autoconfigure\2.0.3.RELEASE\spring-boot-autoconfigure-2.0.3.RELEASE.jar;C:\Users\billyy1\.m2\repository\org\springframework\boot\spring-boot-starter-test\2.0.3.RELEASE\spring-boot-starter-test-2.0.3.RELEASE.jar;C:\Users\billyy1\.m2\repository\org\springframework\boot\spring-boot-test\2.0.3.RELEASE\spring-boot-test-2.0.3.RELEASE.jar;C:\Users\billyy1\.m2\repository\org\springframework\boot\spring-boot-test-autoconfigure\2.0.3.RELEASE\spring-boot-test-autoconfigure-2.0.3.RELEASE.jar;C:\Users\billyy1\.m2\repository\com\jayway\jsonpath\json-path\2.4.0\json-path-2.4.0.jar;C:\Users\billyy1\.m2\repository\net\minidev\json-smart\2.3\json-smart-2.3.jar;C:\Users\billyy1\.m2\repository\net\minidev\accessors-smart\1.2\accessors-smart-1.2.jar;C:\Users\billyy1\.m2\repository\org\ow2\asm\asm\5.0.4\asm-5.0.4.jar;C:\Users\billyy1\.m2\repository\junit\junit\4.12\junit-4.12.jar;C:\Users\billyy1\.m2\repository\org\assertj\assertj-core\3.9.1\assertj-core-3.9.1.jar;C:\Users\billyy1\.m2\repository\org\mockito\mockito-core\2.15.0\mockito-core-2.15.0.jar;C:\Users\billyy1\.m2\repository\net\bytebuddy\byte-buddy\1.7.11\byte-buddy-1.7.11.jar;C:\Users\billyy1\.m2\repository\net\bytebuddy\byte-buddy-agent\1.7.11\byte-buddy-agent-1.7.11.jar;C:\Users\billyy1\.m2\repository\org\objenesis\objenesis\2.6\objenesis-2.6.jar;C:\Users\billyy1\.m2\repository\org\hamcrest\hamcrest-core\1.3\hamcrest-core-1.3.jar;C:\Users\billyy1\.m2\repository\org\hamcrest\hamcrest-library\1.3\hamcrest-library-1.3.jar;C:\Users\billyy1\.m2\repository\org\skyscreamer\jsonassert\1.5.0\jsonassert-1.5.0.jar;C:\Users\billyy1\.m2\repository\com\vaadin\external\google\android-json\0.0.20131108.vaadin1\android-json-0.0.20131108.vaadin1.jar;C:\Users\billyy1\.m2\repository\org\springframework\spring-core\5.0.7.RELEASE\spring-core-5.0.7.RELEASE.jar;C:\Users\billyy1\.m2\repository\org\springframework\spring-jcl\5.0.7.RELEASE\spring-jcl-5.0.7.RELEASE.jar;C:\Users\billyy1\.m2\repository\org\springframework\spring-test\5.0.7.RELEASE\spring-test-5.0.7.RELEASE.jar;C:\Users\billyy1\.m2\repository\org\xmlunit\xmlunit-core\2.5.1\xmlunit-core-2.5.1.jar;, java.vm.vendor=Oracle Corporation, sun.arch.data.model=64, user.variant=, java.vendor.url=https://java.oracle.com/, user.timezone=America/Toronto, java.vm.specification.version=14, os.name=Windows 10, sun.java.launcher=SUN_STANDARD, user.country=US, sun.boot.library.path=C:\Program Files\Java\jdk-14.0.1\bin, sun.java.command=C:\Users\billyy1\AppData\Local\Temp\surefire6946851347571097082\surefirebooter11769758361883703687.jar C:\Users\billyy1\AppData\Local\Temp\surefire6946851347571097082 2021-01-18T14-09-05_968-jvmRun1 surefire11932980996887276813tmp surefire_06510895832029979225tmp, jdk.debug=release, surefire.test.class.path=C:\Billy\github\sfg_pet_clinic_history\add maven release plug in sfg-pet-clinic-b0d8bd\pet-clinic-web\target\test-classes;C:\Billy\github\sfg_pet_clinic_history\add maven release plug in sfg-pet-clinic-b0d8bd\pet-clinic-web\target\classes;C:\Billy\github\sfg_pet_clinic_history\add maven release plug in sfg-pet-clinic-b0d8bd\pet-clinic-data\target\classes;C:\Users\billyy1\.m2\repository\org\springframework\boot\spring-boot-starter-data-jpa\2.0.3.RELEASE\spring-boot-starter-data-jpa-2.0.3.RELEASE.jar;C:\Users\billyy1\.m2\repository\org\springframework\boot\spring-boot-starter-aop\2.0.3.RELEASE\spring-boot-starter-aop-2.0.3.RELEASE.jar;C:\Users\billyy1\.m2\repository\org\aspectj\aspectjweaver\1.8.13\aspectjweaver-1.8.13.jar;C:\Users\billyy1\.m2\repository\org\springframework\boot\spring-boot-starter-jdbc\2.0.3.RELEASE\spring-boot-starter-jdbc-2.0.3.RELEASE.jar;C:\Users\billyy1\.m2\repository\com\zaxxer\HikariCP\2.7.9\HikariCP-2.7.9.jar;C:\Users\billyy1\.m2\repository\org\springframework\spring-jdbc\5.0.7.RELEASE\spring-jdbc-5.0.7.RELEASE.jar;C:\Users\billyy1\.m2\repository\org\hibernate\hibernate-core\5.2.17.Final\hibernate-core-5.2.17.Final.jar;C:\Users\billyy1\.m2\repository\org\hibernate\javax\persistence\hibernate-jpa-2.1-api\1.0.2.Final\hibernate-jpa-2.1-api-1.0.2.Final.jar;C:\Users\billyy1\.m2\repository\org\javassist\javassist\3.22.0-GA\javassist-3.22.0-GA.jar;C:\Users\billyy1\.m2\repository\antlr\antlr\2.7.7\antlr-2.7.7.jar;C:\Users\billyy1\.m2\repository\org\jboss\jandex\2.0.3.Final\jandex-2.0.3.Final.jar;C:\Users\billyy1\.m2\repository\dom4j\dom4j\1.6.1\dom4j-1.6.1.jar;C:\Users\billyy1\.m2\repository\org\hibernate\common\hibernate-commons-annotations\5.0.1.Final\hibernate-commons-annotations-5.0.1.Final.jar;C:\Users\billyy1\.m2\repository\javax\transaction\javax.transaction-api\1.2\javax.transaction-api-1.2.jar;C:\Users\billyy1\.m2\repository\org\springframework\data\spring-data-jpa\2.0.8.RELEASE\spring-data-jpa-2.0.8.RELEASE.jar;C:\Users\billyy1\.m2\repository\org\springframework\data\spring-data-commons\2.0.8.RELEASE\spring-data-commons-2.0.8.RELEASE.jar;C:\Users\billyy1\.m2\repository\org\springframework\spring-orm\5.0.7.RELEASE\spring-orm-5.0.7.RELEASE.jar;C:\Users\billyy1\.m2\repository\org\springframework\spring-tx\5.0.7.RELEASE\spring-tx-5.0.7.RELEASE.jar;C:\Users\billyy1\.m2\repository\org\springframework\spring-aspects\5.0.7.RELEASE\spring-aspects-5.0.7.RELEASE.jar;C:\Users\billyy1\.m2\repository\com\h2database\h2\1.4.197\h2-1.4.197.jar;C:\Users\billyy1\.m2\repository\mysql\mysql-connector-java\5.1.46\mysql-connector-java-5.1.46.jar;C:\Users\billyy1\.m2\repository\org\springframework\boot\spring-boot-starter-actuator\2.0.3.RELEASE\spring-boot-starter-actuator-2.0.3.RELEASE.jar;C:\Users\billyy1\.m2\repository\org\springframework\boot\spring-boot-starter\2.0.3.RELEASE\spring-boot-starter-2.0.3.RELEASE.jar;C:\Users\billyy1\.m2\repository\org\springframework\boot\spring-boot-starter-logging\2.0.3.RELEASE\spring-boot-starter-logging-2.0.3.RELEASE.jar;C:\Users\billyy1\.m2\repository\ch\qos\logback\logback-classic\1.2.3\logback-classic-1.2.3.jar;C:\Users\billyy1\.m2\repository\ch\qos\logback\logback-core\1.2.3\logback-core-1.2.3.jar;C:\Users\billyy1\.m2\repository\org\apache\logging\log4j\log4j-to-slf4j\2.10.0\log4j-to-slf4j-2.10.0.jar;C:\Users\billyy1\.m2\repository\org\apache\logging\log4j\log4j-api\2.10.0\log4j-api-2.10.0.jar;C:\Users\billyy1\.m2\repository\org\slf4j\jul-to-slf4j\1.7.25\jul-to-slf4j-1.7.25.jar;C:\Users\billyy1\.m2\repository\javax\annotation\javax.annotation-api\1.3.2\javax.annotation-api-1.3.2.jar;C:\Users\billyy1\.m2\repository\org\yaml\snakeyaml\1.19\snakeyaml-1.19.jar;C:\Users\billyy1\.m2\repository\org\springframework\boot\spring-boot-actuator-autoconfigure\2.0.3.RELEASE\spring-boot-actuator-autoconfigure-2.0.3.RELEASE.jar;C:\Users\billyy1\.m2\repository\org\springframework\boot\spring-boot-actuator\2.0.3.RELEASE\spring-boot-actuator-2.0.3.RELEASE.jar;C:\Users\billyy1\.m2\repository\com\fasterxml\jackson\core\jackson-databind\2.9.6\jackson-databind-2.9.6.jar;C:\Users\billyy1\.m2\repository\com\fasterxml\jackson\core\jackson-annotations\2.9.0\jackson-annotations-2.9.0.jar;C:\Users\billyy1\.m2\repository\com\fasterxml\jackson\core\jackson-core\2.9.6\jackson-core-2.9.6.jar;C:\Users\billyy1\.m2\repository\org\springframework\spring-context\5.0.7.RELEASE\spring-context-5.0.7.RELEASE.jar;C:\Users\billyy1\.m2\repository\com\fasterxml\jackson\datatype\jackson-datatype-jsr310\2.9.6\jackson-datatype-jsr310-2.9.6.jar;C:\Users\billyy1\.m2\repository\io\micrometer\micrometer-core\1.0.5\micrometer-core-1.0.5.jar;C:\Users\billyy1\.m2\repository\org\hdrhistogram\HdrHistogram\2.1.10\HdrHistogram-2.1.10.jar;C:\Users\billyy1\.m2\repository\org\latencyutils\LatencyUtils\2.0.3\LatencyUtils-2.0.3.jar;C:\Users\billyy1\.m2\repository\org\springframework\boot\spring-boot-starter-thymeleaf\2.0.3.RELEASE\spring-boot-starter-thymeleaf-2.0.3.RELEASE.jar;C:\Users\billyy1\.m2\repository\org\thymeleaf\thymeleaf-spring5\3.0.9.RELEASE\thymeleaf-spring5-3.0.9.RELEASE.jar;C:\Users\billyy1\.m2\repository\org\thymeleaf\thymeleaf\3.0.9.RELEASE\thymeleaf-3.0.9.RELEASE.jar;C:\Users\billyy1\.m2\repository\org\attoparser\attoparser\2.0.4.RELEASE\attoparser-2.0.4.RELEASE.jar;C:\Users\billyy1\.m2\repository\org\unbescape\unbescape\1.1.5.RELEASE\unbescape-1.1.5.RELEASE.jar;C:\Users\billyy1\.m2\repository\org\slf4j\slf4j-api\1.7.25\slf4j-api-1.7.25.jar;C:\Users\billyy1\.m2\repository\org\thymeleaf\extras\thymeleaf-extras-java8time\3.0.1.RELEASE\thymeleaf-extras-java8time-3.0.1.RELEASE.jar;C:\Users\billyy1\.m2\repository\org\springframework\boot\spring-boot-starter-web\2.0.3.RELEASE\spring-boot-starter-web-2.0.3.RELEASE.jar;C:\Users\billyy1\.m2\repository\org\springframework\boot\spring-boot-starter-json\2.0.3.RELEASE\spring-boot-starter-json-2.0.3.RELEASE.jar;C:\Users\billyy1\.m2\repository\com\fasterxml\jackson\datatype\jackson-datatype-jdk8\2.9.6\jackson-datatype-jdk8-2.9.6.jar;C:\Users\billyy1\.m2\repository\com\fasterxml\jackson\module\jackson-module-parameter-names\2.9.6\jackson-module-parameter-names-2.9.6.jar;C:\Users\billyy1\.m2\repository\org\springframework\boot\spring-boot-starter-tomcat\2.0.3.RELEASE\spring-boot-starter-tomcat-2.0.3.RELEASE.jar;C:\Users\billyy1\.m2\repository\org\apache\tomcat\embed\tomcat-embed-core\8.5.31\tomcat-embed-core-8.5.31.jar;C:\Users\billyy1\.m2\repository\org\apache\tomcat\embed\tomcat-embed-el\8.5.31\tomcat-embed-el-8.5.31.jar;C:\Users\billyy1\.m2\repository\org\apache\tomcat\embed\tomcat-embed-websocket\8.5.31\tomcat-embed-websocket-8.5.31.jar;C:\Users\billyy1\.m2\repository\org\hibernate\validator\hibernate-validator\6.0.10.Final\hibernate-validator-6.0.10.Final.jar;C:\Users\billyy1\.m2\repository\javax\validation\validation-api\2.0.1.Final\validation-api-2.0.1.Final.jar;C:\Users\billyy1\.m2\repository\org\jboss\logging\jboss-logging\3.3.2.Final\jboss-logging-3.3.2.Final.jar;C:\Users\billyy1\.m2\repository\com\fasterxml\classmate\1.3.4\classmate-1.3.4.jar;C:\Users\billyy1\.m2\repository\org\springframework\spring-web\5.0.7.RELEASE\spring-web-5.0.7.RELEASE.jar;C:\Users\billyy1\.m2\repository\org\springframework\spring-beans\5.0.7.RELEASE\spring-beans-5.0.7.RELEASE.jar;C:\Users\billyy1\.m2\repository\org\springframework\spring-webmvc\5.0.7.RELEASE\spring-webmvc-5.0.7.RELEASE.jar;C:\Users\billyy1\.m2\repository\org\springframework\spring-aop\5.0.7.RELEASE\spring-aop-5.0.7.RELEASE.jar;C:\Users\billyy1\.m2\repository\org\springframework\spring-expression\5.0.7.RELEASE\spring-expression-5.0.7.RELEASE.jar;C:\Users\billyy1\.m2\repository\org\springframework\boot\spring-boot-devtools\2.0.3.RELEASE\spring-boot-devtools-2.0.3.RELEASE.jar;C:\Users\billyy1\.m2\repository\org\springframework\boot\spring-boot\2.0.3.RELEASE\spring-boot-2.0.3.RELEASE.jar;C:\Users\billyy1\.m2\repository\org\springframework\boot\spring-boot-autoconfigure\2.0.3.RELEASE\spring-boot-autoconfigure-2.0.3.RELEASE.jar;C:\Users\billyy1\.m2\repository\org\springframework\boot\spring-boot-starter-test\2.0.3.RELEASE\spring-boot-starter-test-2.0.3.RELEASE.jar;C:\Users\billyy1\.m2\repository\org\springframework\boot\spring-boot-test\2.0.3.RELEASE\spring-boot-test-2.0.3.RELEASE.jar;C:\Users\billyy1\.m2\repository\org\springframework\boot\spring-boot-test-autoconfigure\2.0.3.RELEASE\spring-boot-test-autoconfigure-2.0.3.RELEASE.jar;C:\Users\billyy1\.m2\repository\com\jayway\jsonpath\json-path\2.4.0\json-path-2.4.0.jar;C:\Users\billyy1\.m2\repository\net\minidev\json-smart\2.3\json-smart-2.3.jar;C:\Users\billyy1\.m2\repository\net\minidev\accessors-smart\1.2\accessors-smart-1.2.jar;C:\Users\billyy1\.m2\repository\org\ow2\asm\asm\5.0.4\asm-5.0.4.jar;C:\Users\billyy1\.m2\repository\junit\junit\4.12\junit-4.12.jar;C:\Users\billyy1\.m2\repository\org\assertj\assertj-core\3.9.1\assertj-core-3.9.1.jar;C:\Users\billyy1\.m2\repository\org\mockito\mockito-core\2.15.0\mockito-core-2.15.0.jar;C:\Users\billyy1\.m2\repository\net\bytebuddy\byte-buddy\1.7.11\byte-buddy-1.7.11.jar;C:\Users\billyy1\.m2\repository\net\bytebuddy\byte-buddy-agent\1.7.11\byte-buddy-agent-1.7.11.jar;C:\Users\billyy1\.m2\repository\org\objenesis\objenesis\2.6\objenesis-2.6.jar;C:\Users\billyy1\.m2\repository\org\hamcrest\hamcrest-core\1.3\hamcrest-core-1.3.jar;C:\Users\billyy1\.m2\repository\org\hamcrest\hamcrest-library\1.3\hamcrest-library-1.3.jar;C:\Users\billyy1\.m2\repository\org\skyscreamer\jsonassert\1.5.0\jsonassert-1.5.0.jar;C:\Users\billyy1\.m2\repository\com\vaadin\external\google\android-json\0.0.20131108.vaadin1\android-json-0.0.20131108.vaadin1.jar;C:\Users\billyy1\.m2\repository\org\springframework\spring-core\5.0.7.RELEASE\spring-core-5.0.7.RELEASE.jar;C:\Users\billyy1\.m2\repository\org\springframework\spring-jcl\5.0.7.RELEASE\spring-jcl-5.0.7.RELEASE.jar;C:\Users\billyy1\.m2\repository\org\springframework\spring-test\5.0.7.RELEASE\spring-test-5.0.7.RELEASE.jar;C:\Users\billyy1\.m2\repository\org\xmlunit\xmlunit-core\2.5.1\xmlunit-core-2.5.1.jar;, sun.cpu.endian=little, user.home=C:\Users\billyy1, user.language=en, java.specification.vendor=Oracle Corporation, java.version.date=2020-04-14, java.home=C:\Program Files\Java\jdk-14.0.1, file.separator=\, basedir=C:\Billy\github\sfg_pet_clinic_history\add maven release plug in sfg-pet-clinic-b0d8bd\pet-clinic-web, java.vm.compressedOopsMode=Zero based, line.separator=
, java.vm.specification.vendor=Oracle Corporation, java.specification.name=Java Platform API Specification, surefire.real.class.path=C:\Users\billyy1\AppData\Local\Temp\surefire6946851347571097082\surefirebooter11769758361883703687.jar, user.script=, sun.management.compiler=HotSpot 64-Bit Tiered Compilers, java.runtime.version=14.0.1+7, user.name=BillyY1, path.separator=;, os.version=10.0, java.runtime.name=Java(TM) SE Runtime Environment, file.encoding=Cp1252, java.vm.name=Java HotSpot(TM) 64-Bit Server VM, localRepository=C:\Users\billyy1\.m2\repository, java.vendor.url.bug=https://bugreport.java.com/bugreport/, java.io.tmpdir=C:\Users\billyy1\AppData\Local\Temp\, idea.version=2020.3.1, java.version=14.0.1, user.dir=C:\Billy\github\sfg_pet_clinic_history\add maven release plug in sfg-pet-clinic-b0d8bd\pet-clinic-web, os.arch=amd64, java.vm.specification.name=Java Virtual Machine Specification, sun.os.patch.level=, java.library.path=C:\Program Files\Java\jdk-14.0.1\bin;C:\WINDOWS\Sun\Java\bin;C:\WINDOWS\system32;C:\WINDOWS;C:\Python39\Scripts\;C:\Python39\;C:\Program Files (x86)\Common Files\Oracle\Java\javapath;C:\WINDOWS\system32;C:\WINDOWS;C:\WINDOWS\System32\Wbem;C:\WINDOWS\System32\WindowsPowerShell\v1.0\;C:\WINDOWS\System32\OpenSSH\;C:\Program Files\nodejs\;C:\Program Files\Kubernetes\Minikube;C:\ProgramData\chocolatey\bin;C:\Program Files\Amazon\AWSCLIV2\;C:\Billy\Install\apache-ant-1.10.8\bin;C:\Program Files\Java\jdk-14.0.1\bin;%M2_HOME%\bin;C:\Program Files\Git\cmd;C:\HashiCorp\Vagrant\bin;C:\Program Files\Java\jre7\bin;C:\Program Files (x86)\scala\bin;C:\Program Files (x86)\scala\bin;C:\ProgramData\chocolatey\lib\gradle\tools\gradle-6.5.1\bin;C:\Program Files (x86)\sbt\bin;C:\Billy\Install\apache-maven-3.6.3\bin;C:\Program Files\PostgreSQL\13\bin;C:\Program Files\PostgreSQL\13\lib;;C:\Program Files (x86)\WinMerge;C:\Program Files\Docker\Docker\resources\bin;C:\ProgramData\DockerDesktop\version-bin;C:\Program Files\MySQL\MySQL Shell 8.0\bin\;C:\Users\billyy1\AppData\Local\Microsoft\WindowsApps;C:\Users\billyy1\AppData\Local\Programs\Git\cmd;C:\Users\billyy1\AppData\Local\Programs\Microsoft VS Code\bin;C:\Users\billyy1\AppData\Local\JetBrains\IntelliJ IDEA Community Edition 2020.1.2\bin;C:\Users\billyy1\AppData\Local\atom\bin;C:\Users\billyy1\AppData\Roaming\npm;C:\ProgramData\chocoportable\bin;;., java.vm.info=mixed mode, sharing, java.vendor=Oracle Corporation, java.vm.version=14.0.1+7, sun.io.unicode.encoding=UnicodeLittle, java.class.version=58.0}}, SystemEnvironmentPropertySource@1267105885 {name='systemEnvironment', properties={PATH=C:\Python39\Scripts\;C:\Python39\;C:\Program Files (x86)\Common Files\Oracle\Java\javapath;C:\WINDOWS\system32;C:\WINDOWS;C:\WINDOWS\System32\Wbem;C:\WINDOWS\System32\WindowsPowerShell\v1.0\;C:\WINDOWS\System32\OpenSSH\;C:\Program Files\nodejs\;C:\Program Files\Kubernetes\Minikube;C:\ProgramData\chocolatey\bin;C:\Program Files\Amazon\AWSCLIV2\;C:\Billy\Install\apache-ant-1.10.8\bin;C:\Program Files\Java\jdk-14.0.1\bin;%M2_HOME%\bin;C:\Program Files\Git\cmd;C:\HashiCorp\Vagrant\bin;C:\Program Files\Java\jre7\bin;C:\Program Files (x86)\scala\bin;C:\Program Files (x86)\scala\bin;C:\ProgramData\chocolatey\lib\gradle\tools\gradle-6.5.1\bin;C:\Program Files (x86)\sbt\bin;C:\Billy\Install\apache-maven-3.6.3\bin;C:\Program Files\PostgreSQL\13\bin;C:\Program Files\PostgreSQL\13\lib;;C:\Program Files (x86)\WinMerge;C:\Program Files\Docker\Docker\resources\bin;C:\ProgramData\DockerDesktop\version-bin;C:\Program Files\MySQL\MySQL Shell 8.0\bin\;C:\Users\billyy1\AppData\Local\Microsoft\WindowsApps;C:\Users\billyy1\AppData\Local\Programs\Git\cmd;C:\Users\billyy1\AppData\Local\Programs\Microsoft VS Code\bin;C:\Users\billyy1\AppData\Local\JetBrains\IntelliJ IDEA Community Edition 2020.1.2\bin;C:\Users\billyy1\AppData\Local\atom\bin;C:\Users\billyy1\AppData\Roaming\npm;C:\ProgramData\chocoportable\bin;, USERDOMAIN_ROAMINGPROFILE=VERIFONE, PROCESSOR_LEVEL=6, SYSTEMDRIVE=C:, SESSIONNAME=Console, ALLUSERSPROFILE=C:\ProgramData, PROCESSOR_ARCHITECTURE=AMD64, DRIVERDATA=C:\Windows\System32\Drivers\DriverData, DEFLOGDIR=C:\ProgramData\McAfee\Endpoint Security\Logs, PROGRAMFILES=C:\Program Files, PSMODULEPATH=C:\Program Files\WindowsPowerShell\Modules;C:\WINDOWS\system32\WindowsPowerShell\v1.0\Modules, PROGRAMDATA=C:\ProgramData, CHOCOLATEYLASTPATHUPDATE=132387019831777597, USERNAME=BillyY1, USERDNSDOMAIN=VERIFONE.COM, FPS_BROWSER_USER_PROFILE_STRING=Default, ONEDRIVE=C:\Users\billyy1\OneDrive - Verifone, PATHEXT=.COM;.EXE;.BAT;.CMD;.VBS;.VBE;.JS;.JSE;.WSF;.WSH;.MSC;.PY;.PYW, WINDIR=C:\WINDOWS, HOMEPATH=\Users\billyy1, PROCESSOR_IDENTIFIER=Intel64 Family 6 Model 158 Stepping 9, GenuineIntel, PUBLIC=C:\Users\Public, =::=::\, LOCALAPPDATA=C:\Users\billyy1\AppData\Local, COMMONPROGRAMFILES(X86)=C:\Program Files (x86)\Common Files, USERDOMAIN=VERIFONE, FPS_BROWSER_APP_PROFILE_STRING=Internet Explorer, LOGONSERVER=\\RH1WVDOMAIN1, JAVA_HOME=C:\Program Files\Java\jdk-14.0.1, PROMPT=$P$G, PROGRAMFILES(X86)=C:\Program Files (x86), GRADLE_HOME=C:\ProgramData\chocolatey\lib\gradle\tools\gradle-6.5.1, ANT_HOME=C:\Billy\Install\apache-ant-1.10.8, =C:=C:\Billy\github\sfg_pet_clinic_history\add maven release plug in sfg-pet-clinic-b0d8bd\pet-clinic-web, APPDATA=C:\Users\billyy1\AppData\Roaming, PROGRAMW6432=C:\Program Files, SYSTEMROOT=C:\WINDOWS, CHOCOLATEYINSTALL=C:\ProgramData\chocolatey, SCALA_HOME=C:\Program Files (x86)\scala, VBOX_MSI_INSTALL_PATH=C:\Program Files\Oracle\VirtualBox\, OS=Windows_NT, ONEDRIVECOMMERCIAL=C:\Users\billyy1\OneDrive - Verifone, COMMONPROGRAMW6432=C:\Program Files\Common Files, COMPUTERNAME=MIS-BILLYY1, DEVMGR_SHOW_NONPRESENT_DEVICES=1, INTELLIJ IDEA COMMUNITY EDITION=C:\Users\billyy1\AppData\Local\JetBrains\IntelliJ IDEA Community Edition 2020.1.2\bin;, COMMONPROGRAMFILES=C:\Program Files\Common Files, COMSPEC=C:\WINDOWS\system32\cmd.exe, SBT_HOME=C:\Program Files (x86)\sbt\, PROCESSOR_REVISION=9e09, UATDATA=C:\WINDOWS\CCM\UATData\D9F8C395-CAB8-491d-B8AC-179A1FE1BE77, TEMP=C:\Users\billyy1\AppData\Local\Temp, HOMEDRIVE=C:, USERPROFILE=C:\Users\billyy1, TMP=C:\Users\billyy1\AppData\Local\Temp, NUMBER_OF_PROCESSORS=4, IDEA_INITIAL_DIRECTORY=C:\WINDOWS\system32}}]
14:09:20.907 [main] DEBUG org.springframework.test.context.support.TestPropertySourceUtils - Adding inlined properties to environment: {spring.jmx.enabled=false, org.springframework.boot.test.context.SpringBootTestContextBootstrapper=true, server.port=-1}
14:09:20.907 [main] DEBUG org.springframework.core.env.StandardEnvironment - Adding PropertySource 'Inlined Test Properties' with highest search precedence

  .   ____          _            __ _ _
 /\\ / ___'_ __ _ _(_)_ __  __ _ \ \ \ \
( ( )\___ | '_ | '_| | '_ \/ _` | \ \ \ \
 \\/  ___)| |_)| | | | | || (_| |  ) ) ) )
  '  |____| .__|_| |_|_| |_\__, | / / / /
 =========|_|==============|___/=/_/_/_/
 :: Spring Boot ::        (v2.0.3.RELEASE)

2021-01-18 14:09:21.590  INFO 6104 --- [           main] g.s.s.SfgPetClinicApplicationTests       : Starting SfgPetClinicApplicationTests on MIS-BillyY1 with PID 6104 (started by BillyY1 in C:\Billy\github\sfg_pet_clinic_history\add maven release plug in sfg-pet-clinic-b0d8bd\pet-clinic-web)
2021-01-18 14:09:21.592  INFO 6104 --- [           main] g.s.s.SfgPetClinicApplicationTests       : No active profile set, falling back to default profiles: default
2021-01-18 14:09:21.720  INFO 6104 --- [           main] o.s.w.c.s.GenericWebApplicationContext   : Refreshing org.springframework.web.context.support.GenericWebApplicationContext@3d1848cc: startup date [Mon Jan 18 14:09:21 EST 2021]; root of context hierarchy
2021-01-18 14:09:25.047  INFO 6104 --- [           main] trationDelegate$BeanPostProcessorChecker : Bean 'org.springframework.transaction.annotation.ProxyTransactionManagementConfiguration' of type [org.springframework.transaction.annotation.ProxyTransactionManagementConfiguration$$EnhancerBySpringCGLIB$$7676aca2] is not eligible for getting processed by all BeanPostProcessors (for example: not eligible for auto-proxying)
2021-01-18 14:09:25.891  INFO 6104 --- [           main] com.zaxxer.hikari.HikariDataSource       : HikariPool-1 - Starting...
2021-01-18 14:09:26.268  INFO 6104 --- [           main] com.zaxxer.hikari.HikariDataSource       : HikariPool-1 - Start completed.
2021-01-18 14:09:26.419  INFO 6104 --- [           main] j.LocalContainerEntityManagerFactoryBean : Building JPA container EntityManagerFactory for persistence unit 'default'
2021-01-18 14:09:26.469  INFO 6104 --- [           main] o.hibernate.jpa.internal.util.LogHelper  : HHH000204: Processing PersistenceUnitInfo [
	name: default
	...]
2021-01-18 14:09:26.653  INFO 6104 --- [           main] org.hibernate.Version                    : HHH000412: Hibernate Core {5.2.17.Final}
2021-01-18 14:09:26.658  INFO 6104 --- [           main] org.hibernate.cfg.Environment            : HHH000206: hibernate.properties not found
2021-01-18 14:09:26.680  WARN 6104 --- [           main] o.s.w.c.s.GenericWebApplicationContext   : Exception encountered during context initialization - cancelling refresh attempt: org.springframework.beans.factory.BeanCreationException: Error creating bean with name 'entityManagerFactory' defined in class path resource [org/springframework/boot/autoconfigure/orm/jpa/HibernateJpaConfiguration.class]: Invocation of init method failed; nested exception is java.lang.NoClassDefFoundError: javax/xml/bind/JAXBException
2021-01-18 14:09:26.687  WARN 6104 --- [           main] o.s.b.f.support.DisposableBeanAdapter    : Invocation of destroy method failed on bean with name 'inMemoryDatabaseShutdownExecutor': org.h2.jdbc.JdbcSQLException: Database is already closed (to disable automatic closing at VM shutdown, add ";DB_CLOSE_ON_EXIT=FALSE" to the db URL) [90121-197]
2021-01-18 14:09:26.710  INFO 6104 --- [           main] com.zaxxer.hikari.HikariDataSource       : HikariPool-1 - Shutdown initiated...
2021-01-18 14:09:26.772  INFO 6104 --- [           main] com.zaxxer.hikari.HikariDataSource       : HikariPool-1 - Shutdown completed.
2021-01-18 14:09:26.791  INFO 6104 --- [           main] ConditionEvaluationReportLoggingListener : 

Error starting ApplicationContext. To display the conditions report re-run your application with 'debug' enabled.
2021-01-18 14:09:26.799 ERROR 6104 --- [           main] o.s.boot.SpringApplication               : Application run failed

org.springframework.beans.factory.BeanCreationException: Error creating bean with name 'entityManagerFactory' defined in class path resource [org/springframework/boot/autoconfigure/orm/jpa/HibernateJpaConfiguration.class]: Invocation of init method failed; nested exception is java.lang.NoClassDefFoundError: javax/xml/bind/JAXBException
	at org.springframework.beans.factory.support.AbstractAutowireCapableBeanFactory.initializeBean(AbstractAutowireCapableBeanFactory.java:1708) ~[spring-beans-5.0.7.RELEASE.jar:5.0.7.RELEASE]
	at org.springframework.beans.factory.support.AbstractAutowireCapableBeanFactory.doCreateBean(AbstractAutowireCapableBeanFactory.java:581) ~[spring-beans-5.0.7.RELEASE.jar:5.0.7.RELEASE]
	at org.springframework.beans.factory.support.AbstractAutowireCapableBeanFactory.createBean(AbstractAutowireCapableBeanFactory.java:503) ~[spring-beans-5.0.7.RELEASE.jar:5.0.7.RELEASE]
	at org.springframework.beans.factory.support.AbstractBeanFactory.lambda$doGetBean$0(AbstractBeanFactory.java:317) ~[spring-beans-5.0.7.RELEASE.jar:5.0.7.RELEASE]
	at org.springframework.beans.factory.support.DefaultSingletonBeanRegistry.getSingleton(DefaultSingletonBeanRegistry.java:222) ~[spring-beans-5.0.7.RELEASE.jar:5.0.7.RELEASE]
	at org.springframework.beans.factory.support.AbstractBeanFactory.doGetBean(AbstractBeanFactory.java:315) ~[spring-beans-5.0.7.RELEASE.jar:5.0.7.RELEASE]
	at org.springframework.beans.factory.support.AbstractBeanFactory.getBean(AbstractBeanFactory.java:199) ~[spring-beans-5.0.7.RELEASE.jar:5.0.7.RELEASE]
	at org.springframework.context.support.AbstractApplicationContext.getBean(AbstractApplicationContext.java:1089) ~[spring-context-5.0.7.RELEASE.jar:5.0.7.RELEASE]
	at org.springframework.context.support.AbstractApplicationContext.finishBeanFactoryInitialization(AbstractApplicationContext.java:859) ~[spring-context-5.0.7.RELEASE.jar:5.0.7.RELEASE]
	at org.springframework.context.support.AbstractApplicationContext.refresh(AbstractApplicationContext.java:550) ~[spring-context-5.0.7.RELEASE.jar:5.0.7.RELEASE]
	at org.springframework.boot.SpringApplication.refresh(SpringApplication.java:759) ~[spring-boot-2.0.3.RELEASE.jar:2.0.3.RELEASE]
	at org.springframework.boot.SpringApplication.refreshContext(SpringApplication.java:395) ~[spring-boot-2.0.3.RELEASE.jar:2.0.3.RELEASE]
	at org.springframework.boot.SpringApplication.run(SpringApplication.java:327) ~[spring-boot-2.0.3.RELEASE.jar:2.0.3.RELEASE]
	at org.springframework.boot.test.context.SpringBootContextLoader.loadContext(SpringBootContextLoader.java:139) ~[spring-boot-test-2.0.3.RELEASE.jar:2.0.3.RELEASE]
	at org.springframework.test.context.cache.DefaultCacheAwareContextLoaderDelegate.loadContextInternal(DefaultCacheAwareContextLoaderDelegate.java:99) ~[spring-test-5.0.7.RELEASE.jar:5.0.7.RELEASE]
	at org.springframework.test.context.cache.DefaultCacheAwareContextLoaderDelegate.loadContext(DefaultCacheAwareContextLoaderDelegate.java:117) ~[spring-test-5.0.7.RELEASE.jar:5.0.7.RELEASE]
	at org.springframework.test.context.support.DefaultTestContext.getApplicationContext(DefaultTestContext.java:108) ~[spring-test-5.0.7.RELEASE.jar:5.0.7.RELEASE]
	at org.springframework.test.context.web.ServletTestExecutionListener.setUpRequestContextIfNecessary(ServletTestExecutionListener.java:190) ~[spring-test-5.0.7.RELEASE.jar:5.0.7.RELEASE]
	at org.springframework.test.context.web.ServletTestExecutionListener.prepareTestInstance(ServletTestExecutionListener.java:132) ~[spring-test-5.0.7.RELEASE.jar:5.0.7.RELEASE]
	at org.springframework.test.context.TestContextManager.prepareTestInstance(TestContextManager.java:246) ~[spring-test-5.0.7.RELEASE.jar:5.0.7.RELEASE]
	at org.springframework.test.context.junit4.SpringJUnit4ClassRunner.createTest(SpringJUnit4ClassRunner.java:227) ~[spring-test-5.0.7.RELEASE.jar:5.0.7.RELEASE]
	at org.springframework.test.context.junit4.SpringJUnit4ClassRunner$1.runReflectiveCall(SpringJUnit4ClassRunner.java:289) ~[spring-test-5.0.7.RELEASE.jar:5.0.7.RELEASE]
	at org.junit.internal.runners.model.ReflectiveCallable.run(ReflectiveCallable.java:12) ~[junit-4.12.jar:4.12]
	at org.springframework.test.context.junit4.SpringJUnit4ClassRunner.methodBlock(SpringJUnit4ClassRunner.java:291) ~[spring-test-5.0.7.RELEASE.jar:5.0.7.RELEASE]
	at org.springframework.test.context.junit4.SpringJUnit4ClassRunner.runChild(SpringJUnit4ClassRunner.java:246) ~[spring-test-5.0.7.RELEASE.jar:5.0.7.RELEASE]
	at org.springframework.test.context.junit4.SpringJUnit4ClassRunner.runChild(SpringJUnit4ClassRunner.java:97) ~[spring-test-5.0.7.RELEASE.jar:5.0.7.RELEASE]
	at org.junit.runners.ParentRunner$3.run(ParentRunner.java:290) ~[junit-4.12.jar:4.12]
	at org.junit.runners.ParentRunner$1.schedule(ParentRunner.java:71) ~[junit-4.12.jar:4.12]
	at org.junit.runners.ParentRunner.runChildren(ParentRunner.java:288) ~[junit-4.12.jar:4.12]
	at org.junit.runners.ParentRunner.access$000(ParentRunner.java:58) ~[junit-4.12.jar:4.12]
	at org.junit.runners.ParentRunner$2.evaluate(ParentRunner.java:268) ~[junit-4.12.jar:4.12]
	at org.springframework.test.context.junit4.statements.RunBeforeTestClassCallbacks.evaluate(RunBeforeTestClassCallbacks.java:61) ~[spring-test-5.0.7.RELEASE.jar:5.0.7.RELEASE]
	at org.springframework.test.context.junit4.statements.RunAfterTestClassCallbacks.evaluate(RunAfterTestClassCallbacks.java:70) ~[spring-test-5.0.7.RELEASE.jar:5.0.7.RELEASE]
	at org.junit.runners.ParentRunner.run(ParentRunner.java:363) ~[junit-4.12.jar:4.12]
	at org.springframework.test.context.junit4.SpringJUnit4ClassRunner.run(SpringJUnit4ClassRunner.java:190) ~[spring-test-5.0.7.RELEASE.jar:5.0.7.RELEASE]
	at org.apache.maven.surefire.junit4.JUnit4Provider.execute(JUnit4Provider.java:365) ~[surefire-junit4-2.21.0.jar:2.21.0]
	at org.apache.maven.surefire.junit4.JUnit4Provider.executeWithRerun(JUnit4Provider.java:273) ~[surefire-junit4-2.21.0.jar:2.21.0]
	at org.apache.maven.surefire.junit4.JUnit4Provider.executeTestSet(JUnit4Provider.java:238) ~[surefire-junit4-2.21.0.jar:2.21.0]
	at org.apache.maven.surefire.junit4.JUnit4Provider.invoke(JUnit4Provider.java:159) ~[surefire-junit4-2.21.0.jar:2.21.0]
	at org.apache.maven.surefire.booter.ForkedBooter.invokeProviderInSameClassLoader(ForkedBooter.java:379) ~[surefire-booter-2.21.0.jar:2.21.0]
	at org.apache.maven.surefire.booter.ForkedBooter.runSuitesInProcess(ForkedBooter.java:340) ~[surefire-booter-2.21.0.jar:2.21.0]
	at org.apache.maven.surefire.booter.ForkedBooter.execute(ForkedBooter.java:125) ~[surefire-booter-2.21.0.jar:2.21.0]
	at org.apache.maven.surefire.booter.ForkedBooter.main(ForkedBooter.java:413) ~[surefire-booter-2.21.0.jar:2.21.0]
Caused by: java.lang.NoClassDefFoundError: javax/xml/bind/JAXBException
	at org.hibernate.boot.spi.XmlMappingBinderAccess.<init>(XmlMappingBinderAccess.java:43) ~[hibernate-core-5.2.17.Final.jar:5.2.17.Final]
	at org.hibernate.boot.MetadataSources.<init>(MetadataSources.java:87) ~[hibernate-core-5.2.17.Final.jar:5.2.17.Final]
	at org.hibernate.jpa.boot.internal.EntityManagerFactoryBuilderImpl.<init>(EntityManagerFactoryBuilderImpl.java:209) ~[hibernate-core-5.2.17.Final.jar:5.2.17.Final]
	at org.hibernate.jpa.boot.internal.EntityManagerFactoryBuilderImpl.<init>(EntityManagerFactoryBuilderImpl.java:164) ~[hibernate-core-5.2.17.Final.jar:5.2.17.Final]
	at org.springframework.orm.jpa.vendor.SpringHibernateJpaPersistenceProvider.createContainerEntityManagerFactory(SpringHibernateJpaPersistenceProvider.java:51) ~[spring-orm-5.0.7.RELEASE.jar:5.0.7.RELEASE]
	at org.springframework.orm.jpa.LocalContainerEntityManagerFactoryBean.createNativeEntityManagerFactory(LocalContainerEntityManagerFactoryBean.java:365) ~[spring-orm-5.0.7.RELEASE.jar:5.0.7.RELEASE]
	at org.springframework.orm.jpa.AbstractEntityManagerFactoryBean.buildNativeEntityManagerFactory(AbstractEntityManagerFactoryBean.java:390) ~[spring-orm-5.0.7.RELEASE.jar:5.0.7.RELEASE]
	at org.springframework.orm.jpa.AbstractEntityManagerFactoryBean.afterPropertiesSet(AbstractEntityManagerFactoryBean.java:377) ~[spring-orm-5.0.7.RELEASE.jar:5.0.7.RELEASE]
	at org.springframework.orm.jpa.LocalContainerEntityManagerFactoryBean.afterPropertiesSet(LocalContainerEntityManagerFactoryBean.java:341) ~[spring-orm-5.0.7.RELEASE.jar:5.0.7.RELEASE]
	at org.springframework.beans.factory.support.AbstractAutowireCapableBeanFactory.invokeInitMethods(AbstractAutowireCapableBeanFactory.java:1767) ~[spring-beans-5.0.7.RELEASE.jar:5.0.7.RELEASE]
	at org.springframework.beans.factory.support.AbstractAutowireCapableBeanFactory.initializeBean(AbstractAutowireCapableBeanFactory.java:1704) ~[spring-beans-5.0.7.RELEASE.jar:5.0.7.RELEASE]
	... 42 common frames omitted
Caused by: java.lang.ClassNotFoundException: javax.xml.bind.JAXBException
	at java.base/jdk.internal.loader.BuiltinClassLoader.loadClass(BuiltinClassLoader.java:602) ~[na:na]
	at java.base/jdk.internal.loader.ClassLoaders$AppClassLoader.loadClass(ClassLoaders.java:178) ~[na:na]
	at java.base/java.lang.ClassLoader.loadClass(ClassLoader.java:522) ~[na:na]
	... 53 common frames omitted

2021-01-18 14:09:26.802 ERROR 6104 --- [           main] o.s.test.context.TestContextManager      : Caught exception while allowing TestExecutionListener [org.springframework.test.context.web.ServletTestExecutionListener@333d4a8c] to prepare test instance [guru.springframework.sfgpetclinic.SfgPetClinicApplicationTests@7a682d35]

java.lang.IllegalStateException: Failed to load ApplicationContext
	at org.springframework.test.context.cache.DefaultCacheAwareContextLoaderDelegate.loadContext(DefaultCacheAwareContextLoaderDelegate.java:125) ~[spring-test-5.0.7.RELEASE.jar:5.0.7.RELEASE]
	at org.springframework.test.context.support.DefaultTestContext.getApplicationContext(DefaultTestContext.java:108) ~[spring-test-5.0.7.RELEASE.jar:5.0.7.RELEASE]
	at org.springframework.test.context.web.ServletTestExecutionListener.setUpRequestContextIfNecessary(ServletTestExecutionListener.java:190) ~[spring-test-5.0.7.RELEASE.jar:5.0.7.RELEASE]
	at org.springframework.test.context.web.ServletTestExecutionListener.prepareTestInstance(ServletTestExecutionListener.java:132) ~[spring-test-5.0.7.RELEASE.jar:5.0.7.RELEASE]
	at org.springframework.test.context.TestContextManager.prepareTestInstance(TestContextManager.java:246) ~[spring-test-5.0.7.RELEASE.jar:5.0.7.RELEASE]
	at org.springframework.test.context.junit4.SpringJUnit4ClassRunner.createTest(SpringJUnit4ClassRunner.java:227) ~[spring-test-5.0.7.RELEASE.jar:5.0.7.RELEASE]
	at org.springframework.test.context.junit4.SpringJUnit4ClassRunner$1.runReflectiveCall(SpringJUnit4ClassRunner.java:289) ~[spring-test-5.0.7.RELEASE.jar:5.0.7.RELEASE]
	at org.junit.internal.runners.model.ReflectiveCallable.run(ReflectiveCallable.java:12) ~[junit-4.12.jar:4.12]
	at org.springframework.test.context.junit4.SpringJUnit4ClassRunner.methodBlock(SpringJUnit4ClassRunner.java:291) ~[spring-test-5.0.7.RELEASE.jar:5.0.7.RELEASE]
	at org.springframework.test.context.junit4.SpringJUnit4ClassRunner.runChild(SpringJUnit4ClassRunner.java:246) ~[spring-test-5.0.7.RELEASE.jar:5.0.7.RELEASE]
	at org.springframework.test.context.junit4.SpringJUnit4ClassRunner.runChild(SpringJUnit4ClassRunner.java:97) ~[spring-test-5.0.7.RELEASE.jar:5.0.7.RELEASE]
	at org.junit.runners.ParentRunner$3.run(ParentRunner.java:290) ~[junit-4.12.jar:4.12]
	at org.junit.runners.ParentRunner$1.schedule(ParentRunner.java:71) ~[junit-4.12.jar:4.12]
	at org.junit.runners.ParentRunner.runChildren(ParentRunner.java:288) ~[junit-4.12.jar:4.12]
	at org.junit.runners.ParentRunner.access$000(ParentRunner.java:58) ~[junit-4.12.jar:4.12]
	at org.junit.runners.ParentRunner$2.evaluate(ParentRunner.java:268) ~[junit-4.12.jar:4.12]
	at org.springframework.test.context.junit4.statements.RunBeforeTestClassCallbacks.evaluate(RunBeforeTestClassCallbacks.java:61) ~[spring-test-5.0.7.RELEASE.jar:5.0.7.RELEASE]
	at org.springframework.test.context.junit4.statements.RunAfterTestClassCallbacks.evaluate(RunAfterTestClassCallbacks.java:70) ~[spring-test-5.0.7.RELEASE.jar:5.0.7.RELEASE]
	at org.junit.runners.ParentRunner.run(ParentRunner.java:363) ~[junit-4.12.jar:4.12]
	at org.springframework.test.context.junit4.SpringJUnit4ClassRunner.run(SpringJUnit4ClassRunner.java:190) ~[spring-test-5.0.7.RELEASE.jar:5.0.7.RELEASE]
	at org.apache.maven.surefire.junit4.JUnit4Provider.execute(JUnit4Provider.java:365) ~[surefire-junit4-2.21.0.jar:2.21.0]
	at org.apache.maven.surefire.junit4.JUnit4Provider.executeWithRerun(JUnit4Provider.java:273) ~[surefire-junit4-2.21.0.jar:2.21.0]
	at org.apache.maven.surefire.junit4.JUnit4Provider.executeTestSet(JUnit4Provider.java:238) ~[surefire-junit4-2.21.0.jar:2.21.0]
	at org.apache.maven.surefire.junit4.JUnit4Provider.invoke(JUnit4Provider.java:159) ~[surefire-junit4-2.21.0.jar:2.21.0]
	at org.apache.maven.surefire.booter.ForkedBooter.invokeProviderInSameClassLoader(ForkedBooter.java:379) ~[surefire-booter-2.21.0.jar:2.21.0]
	at org.apache.maven.surefire.booter.ForkedBooter.runSuitesInProcess(ForkedBooter.java:340) ~[surefire-booter-2.21.0.jar:2.21.0]
	at org.apache.maven.surefire.booter.ForkedBooter.execute(ForkedBooter.java:125) ~[surefire-booter-2.21.0.jar:2.21.0]
	at org.apache.maven.surefire.booter.ForkedBooter.main(ForkedBooter.java:413) ~[surefire-booter-2.21.0.jar:2.21.0]
Caused by: org.springframework.beans.factory.BeanCreationException: Error creating bean with name 'entityManagerFactory' defined in class path resource [org/springframework/boot/autoconfigure/orm/jpa/HibernateJpaConfiguration.class]: Invocation of init method failed; nested exception is java.lang.NoClassDefFoundError: javax/xml/bind/JAXBException
	at org.springframework.beans.factory.support.AbstractAutowireCapableBeanFactory.initializeBean(AbstractAutowireCapableBeanFactory.java:1708) ~[spring-beans-5.0.7.RELEASE.jar:5.0.7.RELEASE]
	at org.springframework.beans.factory.support.AbstractAutowireCapableBeanFactory.doCreateBean(AbstractAutowireCapableBeanFactory.java:581) ~[spring-beans-5.0.7.RELEASE.jar:5.0.7.RELEASE]
	at org.springframework.beans.factory.support.AbstractAutowireCapableBeanFactory.createBean(AbstractAutowireCapableBeanFactory.java:503) ~[spring-beans-5.0.7.RELEASE.jar:5.0.7.RELEASE]
	at org.springframework.beans.factory.support.AbstractBeanFactory.lambda$doGetBean$0(AbstractBeanFactory.java:317) ~[spring-beans-5.0.7.RELEASE.jar:5.0.7.RELEASE]
	at org.springframework.beans.factory.support.DefaultSingletonBeanRegistry.getSingleton(DefaultSingletonBeanRegistry.java:222) ~[spring-beans-5.0.7.RELEASE.jar:5.0.7.RELEASE]
	at org.springframework.beans.factory.support.AbstractBeanFactory.doGetBean(AbstractBeanFactory.java:315) ~[spring-beans-5.0.7.RELEASE.jar:5.0.7.RELEASE]
	at org.springframework.beans.factory.support.AbstractBeanFactory.getBean(AbstractBeanFactory.java:199) ~[spring-beans-5.0.7.RELEASE.jar:5.0.7.RELEASE]
	at org.springframework.context.support.AbstractApplicationContext.getBean(AbstractApplicationContext.java:1089) ~[spring-context-5.0.7.RELEASE.jar:5.0.7.RELEASE]
	at org.springframework.context.support.AbstractApplicationContext.finishBeanFactoryInitialization(AbstractApplicationContext.java:859) ~[spring-context-5.0.7.RELEASE.jar:5.0.7.RELEASE]
	at org.springframework.context.support.AbstractApplicationContext.refresh(AbstractApplicationContext.java:550) ~[spring-context-5.0.7.RELEASE.jar:5.0.7.RELEASE]
	at org.springframework.boot.SpringApplication.refresh(SpringApplication.java:759) ~[spring-boot-2.0.3.RELEASE.jar:2.0.3.RELEASE]
	at org.springframework.boot.SpringApplication.refreshContext(SpringApplication.java:395) ~[spring-boot-2.0.3.RELEASE.jar:2.0.3.RELEASE]
	at org.springframework.boot.SpringApplication.run(SpringApplication.java:327) ~[spring-boot-2.0.3.RELEASE.jar:2.0.3.RELEASE]
	at org.springframework.boot.test.context.SpringBootContextLoader.loadContext(SpringBootContextLoader.java:139) ~[spring-boot-test-2.0.3.RELEASE.jar:2.0.3.RELEASE]
	at org.springframework.test.context.cache.DefaultCacheAwareContextLoaderDelegate.loadContextInternal(DefaultCacheAwareContextLoaderDelegate.java:99) ~[spring-test-5.0.7.RELEASE.jar:5.0.7.RELEASE]
	at org.springframework.test.context.cache.DefaultCacheAwareContextLoaderDelegate.loadContext(DefaultCacheAwareContextLoaderDelegate.java:117) ~[spring-test-5.0.7.RELEASE.jar:5.0.7.RELEASE]
	... 27 common frames omitted
Caused by: java.lang.NoClassDefFoundError: javax/xml/bind/JAXBException
	at org.hibernate.boot.spi.XmlMappingBinderAccess.<init>(XmlMappingBinderAccess.java:43) ~[hibernate-core-5.2.17.Final.jar:5.2.17.Final]
	at org.hibernate.boot.MetadataSources.<init>(MetadataSources.java:87) ~[hibernate-core-5.2.17.Final.jar:5.2.17.Final]
	at org.hibernate.jpa.boot.internal.EntityManagerFactoryBuilderImpl.<init>(EntityManagerFactoryBuilderImpl.java:209) ~[hibernate-core-5.2.17.Final.jar:5.2.17.Final]
	at org.hibernate.jpa.boot.internal.EntityManagerFactoryBuilderImpl.<init>(EntityManagerFactoryBuilderImpl.java:164) ~[hibernate-core-5.2.17.Final.jar:5.2.17.Final]
	at org.springframework.orm.jpa.vendor.SpringHibernateJpaPersistenceProvider.createContainerEntityManagerFactory(SpringHibernateJpaPersistenceProvider.java:51) ~[spring-orm-5.0.7.RELEASE.jar:5.0.7.RELEASE]
	at org.springframework.orm.jpa.LocalContainerEntityManagerFactoryBean.createNativeEntityManagerFactory(LocalContainerEntityManagerFactoryBean.java:365) ~[spring-orm-5.0.7.RELEASE.jar:5.0.7.RELEASE]
	at org.springframework.orm.jpa.AbstractEntityManagerFactoryBean.buildNativeEntityManagerFactory(AbstractEntityManagerFactoryBean.java:390) ~[spring-orm-5.0.7.RELEASE.jar:5.0.7.RELEASE]
	at org.springframework.orm.jpa.AbstractEntityManagerFactoryBean.afterPropertiesSet(AbstractEntityManagerFactoryBean.java:377) ~[spring-orm-5.0.7.RELEASE.jar:5.0.7.RELEASE]
	at org.springframework.orm.jpa.LocalContainerEntityManagerFactoryBean.afterPropertiesSet(LocalContainerEntityManagerFactoryBean.java:341) ~[spring-orm-5.0.7.RELEASE.jar:5.0.7.RELEASE]
	at org.springframework.beans.factory.support.AbstractAutowireCapableBeanFactory.invokeInitMethods(AbstractAutowireCapableBeanFactory.java:1767) ~[spring-beans-5.0.7.RELEASE.jar:5.0.7.RELEASE]
	at org.springframework.beans.factory.support.AbstractAutowireCapableBeanFactory.initializeBean(AbstractAutowireCapableBeanFactory.java:1704) ~[spring-beans-5.0.7.RELEASE.jar:5.0.7.RELEASE]
	... 42 common frames omitted
Caused by: java.lang.ClassNotFoundException: javax.xml.bind.JAXBException
	at java.base/jdk.internal.loader.BuiltinClassLoader.loadClass(BuiltinClassLoader.java:602) ~[na:na]
	at java.base/jdk.internal.loader.ClassLoaders$AppClassLoader.loadClass(ClassLoaders.java:178) ~[na:na]
	at java.base/java.lang.ClassLoader.loadClass(ClassLoader.java:522) ~[na:na]
	... 53 common frames omitted

]]></system-out>
  </testcase>
</testsuite>